2016/03/11 04:44:08 [error] [exception.CException] exception 'CException' with message 'CAssetManager.basePath "D:\wamp\www\m_myzd\assets" 是无效的. 请确定它是一个可被 Web server process 写入资料的目录.' in D:\wamp\www\yii\framework\web\CAssetManager.php:138
Stack trace:
#0 D:\wamp\www\yii\framework\web\CAssetManager.php(123): CAssetManager->setBasePath('D:\\wamp\\www\\m_m...')
#1 D:\wamp\www\yii\framework\web\CAssetManager.php(217): CAssetManager->getBasePath()
#2 D:\wamp\www\yii\framework\web\CClientScript.php(510): CAssetManager->publish('D:\\wamp\\www\\yii...')
#3 D:\wamp\www\yii\framework\web\CClientScript.php(547): CClientScript->getCoreScriptUrl()
#4 D:\wamp\www\yii\framework\web\CClientScript.php(348): CClientScript->getPackageBaseUrl('jquery')
#5 D:\wamp\www\yii\framework\web\CClientScript.php(208): CClientScript->renderCoreScripts()
#6 D:\wamp\www\yii\framework\web\CController.php(351): CClientScript->render('<!DOCTYPE html>...')
#7 D:\wamp\www\yii\framework\web\CController.php(788): CController->processOutput('<!DOCTYPE html>...')
#8 D:\wamp\www\m_myzd\protected\modules\mobile\controllers\BookingController.php(551): CController->render('patientBookingA...', Array)
#9 [internal function]: BookingController->actionPatientBooking('154')
#10 D:\wamp\www\yii\framework\web\actions\CAction.php(108): ReflectionMethod->invokeArgs(Object(BookingController), Array)
#11 D:\wamp\www\yii\framework\web\actions\CInlineAction.php(47): CAction->runWithParamsInternal(Object(BookingController), Object(ReflectionMethod), Array)
#12 D:\wamp\www\yii\framework\web\CController.php(308): CInlineAction->runWithParams(Array)
#13 D:\wamp\www\yii\framework\web\filters\CFilterChain.php(133): CController->runAction(Object(CInlineAction))
#14 D:\wamp\www\yii\framework\web\filters\CFilter.php(40): CFilterChain->run()
#15 D:\wamp\www\yii\framework\web\CController.php(1145): CFilter->filter(Object(CFilterChain))
#16 D:\wamp\www\yii\framework\web\filters\CInlineFilter.php(58): CController->filterAccessControl(Object(CFilterChain))
#17 D:\wamp\www\yii\framework\web\filters\CFilterChain.php(130): CInlineFilter->filter(Object(CFilterChain))
#18 D:\wamp\www\yii\framework\web\CController.php(291): CFilterChain->run()
#19 D:\wamp\www\yii\framework\web\CController.php(265): CController->runActionWithFilters(Object(CInlineAction), Array)
#20 D:\wamp\www\yii\framework\web\CWebApplication.php(282): CController->run('patientbooking')
#21 D:\wamp\www\yii\framework\web\CWebApplication.php(141): CWebApplication->runController('mobile/booking/...')
#22 D:\wamp\www\yii\framework\base\CApplication.php(180): CWebApplication->processRequest()
#23 D:\wamp\www\m_myzd\index.php(13): CApplication->run()
#24 {main}
REQUEST_URI=/mobile/booking/patientBooking?id=154
HTTP_REFERER=http://m.bendi.com/mobile/booking/patientBookingList
---
2016/03/11 04:44:50 [error] [exception.CException] exception 'CException' with message 'CAssetManager.basePath "D:\wamp\www\m_myzd\assets" 是无效的. 请确定它是一个可被 Web server process 写入资料的目录.' in D:\wamp\www\yii\framework\web\CAssetManager.php:138
Stack trace:
#0 D:\wamp\www\yii\framework\web\CAssetManager.php(123): CAssetManager->setBasePath('D:\\wamp\\www\\m_m...')
#1 D:\wamp\www\yii\framework\web\CAssetManager.php(217): CAssetManager->getBasePath()
#2 D:\wamp\www\yii\framework\web\CClientScript.php(510): CAssetManager->publish('D:\\wamp\\www\\yii...')
#3 D:\wamp\www\yii\framework\web\CClientScript.php(547): CClientScript->getCoreScriptUrl()
#4 D:\wamp\www\yii\framework\web\CClientScript.php(348): CClientScript->getPackageBaseUrl('jquery')
#5 D:\wamp\www\yii\framework\web\CClientScript.php(208): CClientScript->renderCoreScripts()
#6 D:\wamp\www\yii\framework\web\CController.php(351): CClientScript->render('<!DOCTYPE html>...')
#7 D:\wamp\www\yii\framework\web\CController.php(788): CController->processOutput('<!DOCTYPE html>...')
#8 D:\wamp\www\m_myzd\protected\modules\mobile\controllers\BookingController.php(551): CController->render('patientBookingA...', Array)
#9 [internal function]: BookingController->actionPatientBooking('154')
#10 D:\wamp\www\yii\framework\web\actions\CAction.php(108): ReflectionMethod->invokeArgs(Object(BookingController), Array)
#11 D:\wamp\www\yii\framework\web\actions\CInlineAction.php(47): CAction->runWithParamsInternal(Object(BookingController), Object(ReflectionMethod), Array)
#12 D:\wamp\www\yii\framework\web\CController.php(308): CInlineAction->runWithParams(Array)
#13 D:\wamp\www\yii\framework\web\filters\CFilterChain.php(133): CController->runAction(Object(CInlineAction))
#14 D:\wamp\www\yii\framework\web\filters\CFilter.php(40): CFilterChain->run()
#15 D:\wamp\www\yii\framework\web\CController.php(1145): CFilter->filter(Object(CFilterChain))
#16 D:\wamp\www\yii\framework\web\filters\CInlineFilter.php(58): CController->filterAccessControl(Object(CFilterChain))
#17 D:\wamp\www\yii\framework\web\filters\CFilterChain.php(130): CInlineFilter->filter(Object(CFilterChain))
#18 D:\wamp\www\yii\framework\web\CController.php(291): CFilterChain->run()
#19 D:\wamp\www\yii\framework\web\CController.php(265): CController->runActionWithFilters(Object(CInlineAction), Array)
#20 D:\wamp\www\yii\framework\web\CWebApplication.php(282): CController->run('patientbooking')
#21 D:\wamp\www\yii\framework\web\CWebApplication.php(141): CWebApplication->runController('mobile/booking/...')
#22 D:\wamp\www\yii\framework\base\CApplication.php(180): CWebApplication->processRequest()
#23 D:\wamp\www\m_myzd\index.php(13): CApplication->run()
#24 {main}
REQUEST_URI=/mobile/booking/patientBooking?id=154
HTTP_REFERER=http://m.bendi.com/mobile/booking/patientBookingList
---
2016/03/11 07:20:10 [error] [exception.CHttpException.404] exception 'CHttpException' with message '无法解析请求 "themes/m5/images/headImg.png"。' in D:\wamp\www\yii\framework\web\CWebApplication.php:286
Stack trace:
#0 D:\wamp\www\yii\framework\web\CWebApplication.php(141): CWebApplication->runController('themes/m5/image...')
#1 D:\wamp\www\yii\framework\base\CApplication.php(180): CWebApplication->processRequest()
#2 D:\wamp\www\m_myzd\index.php(13): CApplication->run()
#3 {main}
REQUEST_URI=/themes/m5/images/headImg.png
HTTP_REFERER=http://m.bendi.com/mobile/user/view
---
2016/03/11 07:20:10 [error] [exception.CHttpException.404] exception 'CHttpException' with message '无法解析请求 "themes/m5/images/waitPay.png"。' in D:\wamp\www\yii\framework\web\CWebApplication.php:286
Stack trace:
#0 D:\wamp\www\yii\framework\web\CWebApplication.php(141): CWebApplication->runController('themes/m5/image...')
#1 D:\wamp\www\yii\framework\base\CApplication.php(180): CWebApplication->processRequest()
#2 D:\wamp\www\m_myzd\index.php(13): CApplication->run()
#3 {main}
REQUEST_URI=/themes/m5/images/waitPay.png
HTTP_REFERER=http://m.bendi.com/mobile/user/view
---
2016/03/11 07:20:10 [error] [exception.CHttpException.404] exception 'CHttpException' with message '无法解析请求 "themes/m5/images/waitConfirm.png"。' in D:\wamp\www\yii\framework\web\CWebApplication.php:286
Stack trace:
#0 D:\wamp\www\yii\framework\web\CWebApplication.php(141): CWebApplication->runController('themes/m5/image...')
#1 D:\wamp\www\yii\framework\base\CApplication.php(180): CWebApplication->processRequest()
#2 D:\wamp\www\m_myzd\index.php(13): CApplication->run()
#3 {main}
REQUEST_URI=/themes/m5/images/waitConfirm.png
HTTP_REFERER=http://m.bendi.com/mobile/user/view
---
2016/03/11 07:20:10 [error] [exception.CHttpException.404] exception 'CHttpException' with message '无法解析请求 "themes/m5/images/arrangementIn.png"。' in D:\wamp\www\yii\framework\web\CWebApplication.php:286
Stack trace:
#0 D:\wamp\www\yii\framework\web\CWebApplication.php(141): CWebApplication->runController('themes/m5/image...')
#1 D:\wamp\www\yii\framework\base\CApplication.php(180): CWebApplication->processRequest()
#2 D:\wamp\www\m_myzd\index.php(13): CApplication->run()
#3 {main}
REQUEST_URI=/themes/m5/images/arrangementIn.png
HTTP_REFERER=http://m.bendi.com/mobile/user/view
---
2016/03/11 07:20:10 [error] [exception.CHttpException.404] exception 'CHttpException' with message '无法解析请求 "themes/m5/images/waitEvaluate.png"。' in D:\wamp\www\yii\framework\web\CWebApplication.php:286
Stack trace:
#0 D:\wamp\www\yii\framework\web\CWebApplication.php(141): CWebApplication->runController('themes/m5/image...')
#1 D:\wamp\www\yii\framework\base\CApplication.php(180): CWebApplication->processRequest()
#2 D:\wamp\www\m_myzd\index.php(13): CApplication->run()
#3 {main}
REQUEST_URI=/themes/m5/images/waitEvaluate.png
HTTP_REFERER=http://m.bendi.com/mobile/user/view
---
2016/03/11 07:20:10 [error] [exception.CHttpException.404] exception 'CHttpException' with message '无法解析请求 "themes/m5/images/commonProblem.png"。' in D:\wamp\www\yii\framework\web\CWebApplication.php:286
Stack trace:
#0 D:\wamp\www\yii\framework\web\CWebApplication.php(141): CWebApplication->runController('themes/m5/image...')
#1 D:\wamp\www\yii\framework\base\CApplication.php(180): CWebApplication->processRequest()
#2 D:\wamp\www\m_myzd\index.php(13): CApplication->run()
#3 {main}
REQUEST_URI=/themes/m5/images/commonProblem.png
HTTP_REFERER=http://m.bendi.com/mobile/user/view
---
2016/03/11 07:20:10 [error] [exception.CHttpException.404] exception 'CHttpException' with message '无法解析请求 "themes/m5/images/nextGray.png"。' in D:\wamp\www\yii\framework\web\CWebApplication.php:286
Stack trace:
#0 D:\wamp\www\yii\framework\web\CWebApplication.php(141): CWebApplication->runController('themes/m5/image...')
#1 D:\wamp\www\yii\framework\base\CApplication.php(180): CWebApplication->processRequest()
#2 D:\wamp\www\m_myzd\index.php(13): CApplication->run()
#3 {main}
REQUEST_URI=/themes/m5/images/nextGray.png
HTTP_REFERER=http://m.bendi.com/mobile/user/view
---
2016/03/11 07:20:10 [error] [exception.CHttpException.404] exception 'CHttpException' with message '无法解析请求 "themes/m5/images/aboutUs.png"。' in D:\wamp\www\yii\framework\web\CWebApplication.php:286
Stack trace:
#0 D:\wamp\www\yii\framework\web\CWebApplication.php(141): CWebApplication->runController('themes/m5/image...')
#1 D:\wamp\www\yii\framework\base\CApplication.php(180): CWebApplication->processRequest()
#2 D:\wamp\www\m_myzd\index.php(13): CApplication->run()
#3 {main}
REQUEST_URI=/themes/m5/images/aboutUs.png
HTTP_REFERER=http://m.bendi.com/mobile/user/view
---
2016/03/11 07:20:10 [error] [exception.CHttpException.404] exception 'CHttpException' with message '无法解析请求 "themes/m5/images/bookingOrder.png"。' in D:\wamp\www\yii\framework\web\CWebApplication.php:286
Stack trace:
#0 D:\wamp\www\yii\framework\web\CWebApplication.php(141): CWebApplication->runController('themes/m5/image...')
#1 D:\wamp\www\yii\framework\base\CApplication.php(180): CWebApplication->processRequest()
#2 D:\wamp\www\m_myzd\index.php(13): CApplication->run()
#3 {main}
REQUEST_URI=/themes/m5/images/bookingOrder.png
HTTP_REFERER=http://m.bendi.com/mobile/user/view
---
2016/03/11 07:20:10 [error] [exception.CHttpException.404] exception 'CHttpException' with message '无法解析请求 "themes/m5/images/nextBlack.png"。' in D:\wamp\www\yii\framework\web\CWebApplication.php:286
Stack trace:
#0 D:\wamp\www\yii\framework\web\CWebApplication.php(141): CWebApplication->runController('themes/m5/image...')
#1 D:\wamp\www\yii\framework\base\CApplication.php(180): CWebApplication->processRequest()
#2 D:\wamp\www\m_myzd\index.php(13): CApplication->run()
#3 {main}
REQUEST_URI=/themes/m5/images/nextBlack.png
HTTP_REFERER=http://m.bendi.com/mobile/user/view
---
2016/03/11 07:20:11 [error] [exception.CHttpException.404] exception 'CHttpException' with message '无法解析请求 "themes/m5/images/service.png"。' in D:\wamp\www\yii\framework\web\CWebApplication.php:286
Stack trace:
#0 D:\wamp\www\yii\framework\web\CWebApplication.php(141): CWebApplication->runController('themes/m5/image...')
#1 D:\wamp\www\yii\framework\base\CApplication.php(180): CWebApplication->processRequest()
#2 D:\wamp\www\m_myzd\index.php(13): CApplication->run()
#3 {main}
REQUEST_URI=/themes/m5/images/service.png
HTTP_REFERER=http://m.bendi.com/mobile/user/view
---
2016/03/11 07:20:11 [error] [exception.CHttpException.404] exception 'CHttpException' with message '无法解析请求 "themes/m5/images/contactService.png"。' in D:\wamp\www\yii\framework\web\CWebApplication.php:286
Stack trace:
#0 D:\wamp\www\yii\framework\web\CWebApplication.php(141): CWebApplication->runController('themes/m5/image...')
#1 D:\wamp\www\yii\framework\base\CApplication.php(180): CWebApplication->processRequest()
#2 D:\wamp\www\m_myzd\index.php(13): CApplication->run()
#3 {main}
REQUEST_URI=/themes/m5/images/contactService.png
HTTP_REFERER=http://m.bendi.com/mobile/user/view
---
2016/03/11 07:20:11 [error] [exception.CHttpException.404] exception 'CHttpException' with message '无法解析请求 "themes/m5/images/exitLogin.png"。' in D:\wamp\www\yii\framework\web\CWebApplication.php:286
Stack trace:
#0 D:\wamp\www\yii\framework\web\CWebApplication.php(141): CWebApplication->runController('themes/m5/image...')
#1 D:\wamp\www\yii\framework\base\CApplication.php(180): CWebApplication->processRequest()
#2 D:\wamp\www\m_myzd\index.php(13): CApplication->run()
#3 {main}
REQUEST_URI=/themes/m5/images/exitLogin.png
HTTP_REFERER=http://m.bendi.com/mobile/user/view
---
2016/03/11 07:20:31 [error] [exception.CHttpException.404] exception 'CHttpException' with message '无法解析请求 "themes/m5/images/waitPay.png"。' in D:\wamp\www\yii\framework\web\CWebApplication.php:286
Stack trace:
#0 D:\wamp\www\yii\framework\web\CWebApplication.php(141): CWebApplication->runController('themes/m5/image...')
#1 D:\wamp\www\yii\framework\base\CApplication.php(180): CWebApplication->processRequest()
#2 D:\wamp\www\m_myzd\index.php(13): CApplication->run()
#3 {main}
REQUEST_URI=/themes/m5/images/waitPay.png
HTTP_REFERER=http://m.bendi.com/mobile/user/view
---
2016/03/11 07:20:31 [error] [exception.CHttpException.404] exception 'CHttpException' with message '无法解析请求 "themes/m5/images/commonProblem.png"。' in D:\wamp\www\yii\framework\web\CWebApplication.php:286
Stack trace:
#0 D:\wamp\www\yii\framework\web\CWebApplication.php(141): CWebApplication->runController('themes/m5/image...')
#1 D:\wamp\www\yii\framework\base\CApplication.php(180): CWebApplication->processRequest()
#2 D:\wamp\www\m_myzd\index.php(13): CApplication->run()
#3 {main}
REQUEST_URI=/themes/m5/images/commonProblem.png
HTTP_REFERER=http://m.bendi.com/mobile/user/view
---
2016/03/11 07:20:31 [error] [exception.CHttpException.404] exception 'CHttpException' with message '无法解析请求 "themes/m5/images/headImg.png"。' in D:\wamp\www\yii\framework\web\CWebApplication.php:286
Stack trace:
#0 D:\wamp\www\yii\framework\web\CWebApplication.php(141): CWebApplication->runController('themes/m5/image...')
#1 D:\wamp\www\yii\framework\base\CApplication.php(180): CWebApplication->processRequest()
#2 D:\wamp\www\m_myzd\index.php(13): CApplication->run()
#3 {main}
REQUEST_URI=/themes/m5/images/headImg.png
HTTP_REFERER=http://m.bendi.com/mobile/user/view
---
2016/03/11 07:20:31 [error] [exception.CHttpException.404] exception 'CHttpException' with message '无法解析请求 "themes/m5/images/waitConfirm.png"。' in D:\wamp\www\yii\framework\web\CWebApplication.php:286
Stack trace:
#0 D:\wamp\www\yii\framework\web\CWebApplication.php(141): CWebApplication->runController('themes/m5/image...')
#1 D:\wamp\www\yii\framework\base\CApplication.php(180): CWebApplication->processRequest()
#2 D:\wamp\www\m_myzd\index.php(13): CApplication->run()
#3 {main}
REQUEST_URI=/themes/m5/images/waitConfirm.png
HTTP_REFERER=http://m.bendi.com/mobile/user/view
---
2016/03/11 07:20:31 [error] [exception.CHttpException.404] exception 'CHttpException' with message '无法解析请求 "themes/m5/images/waitEvaluate.png"。' in D:\wamp\www\yii\framework\web\CWebApplication.php:286
Stack trace:
#0 D:\wamp\www\yii\framework\web\CWebApplication.php(141): CWebApplication->runController('themes/m5/image...')
#1 D:\wamp\www\yii\framework\base\CApplication.php(180): CWebApplication->processRequest()
#2 D:\wamp\www\m_myzd\index.php(13): CApplication->run()
#3 {main}
REQUEST_URI=/themes/m5/images/waitEvaluate.png
HTTP_REFERER=http://m.bendi.com/mobile/user/view
---
2016/03/11 07:20:31 [error] [exception.CHttpException.404] exception 'CHttpException' with message '无法解析请求 "themes/m5/images/arrangementIn.png"。' in D:\wamp\www\yii\framework\web\CWebApplication.php:286
Stack trace:
#0 D:\wamp\www\yii\framework\web\CWebApplication.php(141): CWebApplication->runController('themes/m5/image...')
#1 D:\wamp\www\yii\framework\base\CApplication.php(180): CWebApplication->processRequest()
#2 D:\wamp\www\m_myzd\index.php(13): CApplication->run()
#3 {main}
REQUEST_URI=/themes/m5/images/arrangementIn.png
HTTP_REFERER=http://m.bendi.com/mobile/user/view
---
2016/03/11 07:20:31 [error] [exception.CHttpException.404] exception 'CHttpException' with message '无法解析请求 "themes/m5/images/service.png"。' in D:\wamp\www\yii\framework\web\CWebApplication.php:286
Stack trace:
#0 D:\wamp\www\yii\framework\web\CWebApplication.php(141): CWebApplication->runController('themes/m5/image...')
#1 D:\wamp\www\yii\framework\base\CApplication.php(180): CWebApplication->processRequest()
#2 D:\wamp\www\m_myzd\index.php(13): CApplication->run()
#3 {main}
REQUEST_URI=/themes/m5/images/service.png
HTTP_REFERER=http://m.bendi.com/mobile/user/view
---
2016/03/11 07:20:31 [error] [exception.CHttpException.404] exception 'CHttpException' with message '无法解析请求 "themes/m5/images/aboutUs.png"。' in D:\wamp\www\yii\framework\web\CWebApplication.php:286
Stack trace:
#0 D:\wamp\www\yii\framework\web\CWebApplication.php(141): CWebApplication->runController('themes/m5/image...')
#1 D:\wamp\www\yii\framework\base\CApplication.php(180): CWebApplication->processRequest()
#2 D:\wamp\www\m_myzd\index.php(13): CApplication->run()
#3 {main}
REQUEST_URI=/themes/m5/images/aboutUs.png
HTTP_REFERER=http://m.bendi.com/mobile/user/view
---
2016/03/11 07:20:31 [error] [exception.CHttpException.404] exception 'CHttpException' with message '无法解析请求 "themes/m5/images/nextGray.png"。' in D:\wamp\www\yii\framework\web\CWebApplication.php:286
Stack trace:
#0 D:\wamp\www\yii\framework\web\CWebApplication.php(141): CWebApplication->runController('themes/m5/image...')
#1 D:\wamp\www\yii\framework\base\CApplication.php(180): CWebApplication->processRequest()
#2 D:\wamp\www\m_myzd\index.php(13): CApplication->run()
#3 {main}
REQUEST_URI=/themes/m5/images/nextGray.png
HTTP_REFERER=http://m.bendi.com/mobile/user/view
---
2016/03/11 07:20:31 [error] [exception.CHttpException.404] exception 'CHttpException' with message '无法解析请求 "themes/m5/images/contactService.png"。' in D:\wamp\www\yii\framework\web\CWebApplication.php:286
Stack trace:
#0 D:\wamp\www\yii\framework\web\CWebApplication.php(141): CWebApplication->runController('themes/m5/image...')
#1 D:\wamp\www\yii\framework\base\CApplication.php(180): CWebApplication->processRequest()
#2 D:\wamp\www\m_myzd\index.php(13): CApplication->run()
#3 {main}
REQUEST_URI=/themes/m5/images/contactService.png
HTTP_REFERER=http://m.bendi.com/mobile/user/view
---
2016/03/11 07:20:31 [error] [exception.CHttpException.404] exception 'CHttpException' with message '无法解析请求 "themes/m5/images/nextBlack.png"。' in D:\wamp\www\yii\framework\web\CWebApplication.php:286
Stack trace:
#0 D:\wamp\www\yii\framework\web\CWebApplication.php(141): CWebApplication->runController('themes/m5/image...')
#1 D:\wamp\www\yii\framework\base\CApplication.php(180): CWebApplication->processRequest()
#2 D:\wamp\www\m_myzd\index.php(13): CApplication->run()
#3 {main}
REQUEST_URI=/themes/m5/images/nextBlack.png
HTTP_REFERER=http://m.bendi.com/mobile/user/view
---
2016/03/11 07:20:31 [error] [exception.CHttpException.404] exception 'CHttpException' with message '无法解析请求 "themes/m5/images/bookingOrder.png"。' in D:\wamp\www\yii\framework\web\CWebApplication.php:286
Stack trace:
#0 D:\wamp\www\yii\framework\web\CWebApplication.php(141): CWebApplication->runController('themes/m5/image...')
#1 D:\wamp\www\yii\framework\base\CApplication.php(180): CWebApplication->processRequest()
#2 D:\wamp\www\m_myzd\index.php(13): CApplication->run()
#3 {main}
REQUEST_URI=/themes/m5/images/bookingOrder.png
HTTP_REFERER=http://m.bendi.com/mobile/user/view
---
2016/03/11 07:20:31 [error] [exception.CHttpException.404] exception 'CHttpException' with message '无法解析请求 "themes/m5/images/exitLogin.png"。' in D:\wamp\www\yii\framework\web\CWebApplication.php:286
Stack trace:
#0 D:\wamp\www\yii\framework\web\CWebApplication.php(141): CWebApplication->runController('themes/m5/image...')
#1 D:\wamp\www\yii\framework\base\CApplication.php(180): CWebApplication->processRequest()
#2 D:\wamp\www\m_myzd\index.php(13): CApplication->run()
#3 {main}
REQUEST_URI=/themes/m5/images/exitLogin.png
HTTP_REFERER=http://m.bendi.com/mobile/user/view
---
2016/03/11 07:57:47 [error] [exception.CHttpException.404] exception 'CHttpException' with message '无法解析请求 "themes/m5/images/waitEvaluate.png"。' in D:\wamp\www\yii\framework\web\CWebApplication.php:286
Stack trace:
#0 D:\wamp\www\yii\framework\web\CWebApplication.php(141): CWebApplication->runController('themes/m5/image...')
#1 D:\wamp\www\yii\framework\base\CApplication.php(180): CWebApplication->processRequest()
#2 D:\wamp\www\m_myzd\index.php(13): CApplication->run()
#3 {main}
REQUEST_URI=/themes/m5/images/waitEvaluate.png
HTTP_REFERER=http://m.bendi.com/mobile/user/view
---
2016/03/11 07:57:47 [error] [exception.CHttpException.404] exception 'CHttpException' with message '无法解析请求 "themes/m5/images/waitConfirm.png"。' in D:\wamp\www\yii\framework\web\CWebApplication.php:286
Stack trace:
#0 D:\wamp\www\yii\framework\web\CWebApplication.php(141): CWebApplication->runController('themes/m5/image...')
#1 D:\wamp\www\yii\framework\base\CApplication.php(180): CWebApplication->processRequest()
#2 D:\wamp\www\m_myzd\index.php(13): CApplication->run()
#3 {main}
REQUEST_URI=/themes/m5/images/waitConfirm.png
HTTP_REFERER=http://m.bendi.com/mobile/user/view
---
2016/03/11 07:57:47 [error] [exception.CHttpException.404] exception 'CHttpException' with message '无法解析请求 "themes/m5/images/arrangementIn.png"。' in D:\wamp\www\yii\framework\web\CWebApplication.php:286
Stack trace:
#0 D:\wamp\www\yii\framework\web\CWebApplication.php(141): CWebApplication->runController('themes/m5/image...')
#1 D:\wamp\www\yii\framework\base\CApplication.php(180): CWebApplication->processRequest()
#2 D:\wamp\www\m_myzd\index.php(13): CApplication->run()
#3 {main}
REQUEST_URI=/themes/m5/images/arrangementIn.png
HTTP_REFERER=http://m.bendi.com/mobile/user/view
---
2016/03/11 07:57:47 [error] [exception.CHttpException.404] exception 'CHttpException' with message '无法解析请求 "themes/m5/images/headImg.png"。' in D:\wamp\www\yii\framework\web\CWebApplication.php:286
Stack trace:
#0 D:\wamp\www\yii\framework\web\CWebApplication.php(141): CWebApplication->runController('themes/m5/image...')
#1 D:\wamp\www\yii\framework\base\CApplication.php(180): CWebApplication->processRequest()
#2 D:\wamp\www\m_myzd\index.php(13): CApplication->run()
#3 {main}
REQUEST_URI=/themes/m5/images/headImg.png
HTTP_REFERER=http://m.bendi.com/mobile/user/view
---
2016/03/11 07:57:47 [error] [exception.CHttpException.404] exception 'CHttpException' with message '无法解析请求 "themes/m5/images/commonProblem.png"。' in D:\wamp\www\yii\framework\web\CWebApplication.php:286
Stack trace:
#0 D:\wamp\www\yii\framework\web\CWebApplication.php(141): CWebApplication->runController('themes/m5/image...')
#1 D:\wamp\www\yii\framework\base\CApplication.php(180): CWebApplication->processRequest()
#2 D:\wamp\www\m_myzd\index.php(13): CApplication->run()
#3 {main}
REQUEST_URI=/themes/m5/images/commonProblem.png
HTTP_REFERER=http://m.bendi.com/mobile/user/view
---
2016/03/11 07:57:47 [error] [exception.CHttpException.404] exception 'CHttpException' with message '无法解析请求 "themes/m5/images/waitPay.png"。' in D:\wamp\www\yii\framework\web\CWebApplication.php:286
Stack trace:
#0 D:\wamp\www\yii\framework\web\CWebApplication.php(141): CWebApplication->runController('themes/m5/image...')
#1 D:\wamp\www\yii\framework\base\CApplication.php(180): CWebApplication->processRequest()
#2 D:\wamp\www\m_myzd\index.php(13): CApplication->run()
#3 {main}
REQUEST_URI=/themes/m5/images/waitPay.png
HTTP_REFERER=http://m.bendi.com/mobile/user/view
---
2016/03/11 07:57:47 [error] [exception.CHttpException.404] exception 'CHttpException' with message '无法解析请求 "themes/m5/images/aboutUs.png"。' in D:\wamp\www\yii\framework\web\CWebApplication.php:286
Stack trace:
#0 D:\wamp\www\yii\framework\web\CWebApplication.php(141): CWebApplication->runController('themes/m5/image...')
#1 D:\wamp\www\yii\framework\base\CApplication.php(180): CWebApplication->processRequest()
#2 D:\wamp\www\m_myzd\index.php(13): CApplication->run()
#3 {main}
REQUEST_URI=/themes/m5/images/aboutUs.png
HTTP_REFERER=http://m.bendi.com/mobile/user/view
---
2016/03/11 07:57:47 [error] [exception.CHttpException.404] exception 'CHttpException' with message '无法解析请求 "themes/m5/images/nextGray.png"。' in D:\wamp\www\yii\framework\web\CWebApplication.php:286
Stack trace:
#0 D:\wamp\www\yii\framework\web\CWebApplication.php(141): CWebApplication->runController('themes/m5/image...')
#1 D:\wamp\www\yii\framework\base\CApplication.php(180): CWebApplication->processRequest()
#2 D:\wamp\www\m_myzd\index.php(13): CApplication->run()
#3 {main}
REQUEST_URI=/themes/m5/images/nextGray.png
HTTP_REFERER=http://m.bendi.com/mobile/user/view
---
2016/03/11 07:57:47 [error] [exception.CHttpException.404] exception 'CHttpException' with message '无法解析请求 "themes/m5/images/bookingOrder.png"。' in D:\wamp\www\yii\framework\web\CWebApplication.php:286
Stack trace:
#0 D:\wamp\www\yii\framework\web\CWebApplication.php(141): CWebApplication->runController('themes/m5/image...')
#1 D:\wamp\www\yii\framework\base\CApplication.php(180): CWebApplication->processRequest()
#2 D:\wamp\www\m_myzd\index.php(13): CApplication->run()
#3 {main}
REQUEST_URI=/themes/m5/images/bookingOrder.png
HTTP_REFERER=http://m.bendi.com/mobile/user/view
---
2016/03/11 07:57:47 [error] [exception.CHttpException.404] exception 'CHttpException' with message '无法解析请求 "themes/m5/images/nextBlack.png"。' in D:\wamp\www\yii\framework\web\CWebApplication.php:286
Stack trace:
#0 D:\wamp\www\yii\framework\web\CWebApplication.php(141): CWebApplication->runController('themes/m5/image...')
#1 D:\wamp\www\yii\framework\base\CApplication.php(180): CWebApplication->processRequest()
#2 D:\wamp\www\m_myzd\index.php(13): CApplication->run()
#3 {main}
REQUEST_URI=/themes/m5/images/nextBlack.png
HTTP_REFERER=http://m.bendi.com/mobile/user/view
---
2016/03/11 07:57:47 [error] [exception.CHttpException.404] exception 'CHttpException' with message '无法解析请求 "themes/m5/images/contactService.png"。' in D:\wamp\www\yii\framework\web\CWebApplication.php:286
Stack trace:
#0 D:\wamp\www\yii\framework\web\CWebApplication.php(141): CWebApplication->runController('themes/m5/image...')
#1 D:\wamp\www\yii\framework\base\CApplication.php(180): CWebApplication->processRequest()
#2 D:\wamp\www\m_myzd\index.php(13): CApplication->run()
#3 {main}
REQUEST_URI=/themes/m5/images/contactService.png
HTTP_REFERER=http://m.bendi.com/mobile/user/view
---
2016/03/11 07:57:47 [error] [exception.CHttpException.404] exception 'CHttpException' with message '无法解析请求 "themes/m5/images/service.png"。' in D:\wamp\www\yii\framework\web\CWebApplication.php:286
Stack trace:
#0 D:\wamp\www\yii\framework\web\CWebApplication.php(141): CWebApplication->runController('themes/m5/image...')
#1 D:\wamp\www\yii\framework\base\CApplication.php(180): CWebApplication->processRequest()
#2 D:\wamp\www\m_myzd\index.php(13): CApplication->run()
#3 {main}
REQUEST_URI=/themes/m5/images/service.png
HTTP_REFERER=http://m.bendi.com/mobile/user/view
---
2016/03/11 07:57:47 [error] [exception.CHttpException.404] exception 'CHttpException' with message '无法解析请求 "themes/m5/images/exitLogin.png"。' in D:\wamp\www\yii\framework\web\CWebApplication.php:286
Stack trace:
#0 D:\wamp\www\yii\framework\web\CWebApplication.php(141): CWebApplication->runController('themes/m5/image...')
#1 D:\wamp\www\yii\framework\base\CApplication.php(180): CWebApplication->processRequest()
#2 D:\wamp\www\m_myzd\index.php(13): CApplication->run()
#3 {main}
REQUEST_URI=/themes/m5/images/exitLogin.png
HTTP_REFERER=http://m.bendi.com/mobile/user/view
---
2016/03/11 08:22:51 [error] [php] Missing argument 1 for Booking::setBkStatus(), called in D:\wamp\www\m_myzd\protected\apiservices\ApiViewBookingListV4.php on line 45 and defined (D:\wamp\www\m_myzd\protected\models\booking\Booking.php:442)
Stack trace:
#0 D:\wamp\www\m_myzd\protected\apiservices\ApiViewBookingListV4.php(18): ApiViewBookingListV4->loadBookings()
#1 D:\wamp\www\m_myzd\protected\apiservices\EApiViewService.php(20): ApiViewBookingListV4->loadData()
#2 D:\wamp\www\m_myzd\protected\modules\mobile\controllers\BookingController.php(532): ApiViewBookingListV4->loadApiViewData()
#3 D:\wamp\www\yii\framework\web\actions\CInlineAction.php(49): BookingController->actionPatientBookingList()
#4 D:\wamp\www\yii\framework\web\CController.php(308): CInlineAction->runWithParams()
#5 D:\wamp\www\yii\framework\web\filters\CFilterChain.php(133): BookingController->runAction()
#6 D:\wamp\www\yii\framework\web\filters\CFilter.php(40): CFilterChain->run()
#7 D:\wamp\www\yii\framework\web\CController.php(1145): CAccessControlFilter->filter()
#8 D:\wamp\www\yii\framework\web\filters\CInlineFilter.php(58): BookingController->filterAccessControl()
#9 D:\wamp\www\yii\framework\web\filters\CFilterChain.php(130): CInlineFilter->filter()
#10 D:\wamp\www\yii\framework\web\CController.php(291): CFilterChain->run()
#11 D:\wamp\www\yii\framework\web\CController.php(265): BookingController->runActionWithFilters()
#12 D:\wamp\www\yii\framework\web\CWebApplication.php(282): BookingController->run()
#13 D:\wamp\www\yii\framework\web\CWebApplication.php(141): CWebApplication->runController()
#14 D:\wamp\www\yii\framework\base\CApplication.php(180): CWebApplication->processRequest()
#15 D:\wamp\www\m_myzd\index.php(13): CWebApplication->run()
REQUEST_URI=/mobile/booking/patientBookingList
in D:\wamp\www\m_myzd\protected\models\booking\Booking.php (442)
in D:\wamp\www\m_myzd\protected\apiservices\ApiViewBookingListV4.php (45)
in D:\wamp\www\m_myzd\protected\apiservices\ApiViewBookingListV4.php (36)
2016/03/11 08:23:07 [error] [php] Missing argument 1 for Booking::setBkStatus(), called in D:\wamp\www\m_myzd\protected\apiservices\ApiViewBookingListV4.php on line 45 and defined (D:\wamp\www\m_myzd\protected\models\booking\Booking.php:442)
Stack trace:
#0 D:\wamp\www\m_myzd\protected\apiservices\ApiViewBookingListV4.php(18): ApiViewBookingListV4->loadBookings()
#1 D:\wamp\www\m_myzd\protected\apiservices\EApiViewService.php(20): ApiViewBookingListV4->loadData()
#2 D:\wamp\www\m_myzd\protected\modules\mobile\controllers\BookingController.php(532): ApiViewBookingListV4->loadApiViewData()
#3 D:\wamp\www\yii\framework\web\actions\CInlineAction.php(49): BookingController->actionPatientBookingList()
#4 D:\wamp\www\yii\framework\web\CController.php(308): CInlineAction->runWithParams()
#5 D:\wamp\www\yii\framework\web\filters\CFilterChain.php(133): BookingController->runAction()
#6 D:\wamp\www\yii\framework\web\filters\CFilter.php(40): CFilterChain->run()
#7 D:\wamp\www\yii\framework\web\CController.php(1145): CAccessControlFilter->filter()
#8 D:\wamp\www\yii\framework\web\filters\CInlineFilter.php(58): BookingController->filterAccessControl()
#9 D:\wamp\www\yii\framework\web\filters\CFilterChain.php(130): CInlineFilter->filter()
#10 D:\wamp\www\yii\framework\web\CController.php(291): CFilterChain->run()
#11 D:\wamp\www\yii\framework\web\CController.php(265): BookingController->runActionWithFilters()
#12 D:\wamp\www\yii\framework\web\CWebApplication.php(282): BookingController->run()
#13 D:\wamp\www\yii\framework\web\CWebApplication.php(141): CWebApplication->runController()
#14 D:\wamp\www\yii\framework\base\CApplication.php(180): CWebApplication->processRequest()
#15 D:\wamp\www\m_myzd\index.php(13): CWebApplication->run()
REQUEST_URI=/mobile/booking/patientBookingList
in D:\wamp\www\m_myzd\protected\models\booking\Booking.php (442)
in D:\wamp\www\m_myzd\protected\apiservices\ApiViewBookingListV4.php (45)
in D:\wamp\www\m_myzd\protected\apiservices\ApiViewBookingListV4.php (36)
2016/03/11 08:42:26 [error] [exception.CHttpException.404] exception 'CHttpException' with message '无法解析请求 "favicon.ico"。' in D:\wamp\www\yii\framework\web\CWebApplication.php:286
Stack trace:
#0 D:\wamp\www\yii\framework\web\CWebApplication.php(141): CWebApplication->runController('favicon.ico')
#1 D:\wamp\www\yii\framework\base\CApplication.php(180): CWebApplication->processRequest()
#2 D:\wamp\www\m_myzd\index.php(13): CApplication->run()
#3 {main}
REQUEST_URI=/favicon.ico
---
2016/03/11 08:42:27 [error] [exception.CHttpException.404] exception 'CHttpException' with message '无法解析请求 "favicon.ico"。' in D:\wamp\www\yii\framework\web\CWebApplication.php:286
Stack trace:
#0 D:\wamp\www\yii\framework\web\CWebApplication.php(141): CWebApplication->runController('favicon.ico')
#1 D:\wamp\www\yii\framework\base\CApplication.php(180): CWebApplication->processRequest()
#2 D:\wamp\www\m_myzd\index.php(13): CApplication->run()
#3 {main}
REQUEST_URI=/favicon.ico
HTTP_REFERER=http://m.bendi.com/
---
2016/03/14 02:47:01 [error] [exception.CHttpException.404] exception 'CHttpException' with message '无法解析请求 "favicon.ico"。' in D:\wamp\www\yii\framework\web\CWebApplication.php:286
Stack trace:
#0 D:\wamp\www\yii\framework\web\CWebApplication.php(141): CWebApplication->runController('favicon.ico')
#1 D:\wamp\www\yii\framework\base\CApplication.php(180): CWebApplication->processRequest()
#2 D:\wamp\www\m_myzd\index.php(13): CApplication->run()
#3 {main}
REQUEST_URI=/favicon.ico
---
2016/03/14 02:47:01 [error] [exception.CHttpException.404] exception 'CHttpException' with message '无法解析请求 "favicon.ico"。' in D:\wamp\www\yii\framework\web\CWebApplication.php:286
Stack trace:
#0 D:\wamp\www\yii\framework\web\CWebApplication.php(141): CWebApplication->runController('favicon.ico')
#1 D:\wamp\www\yii\framework\base\CApplication.php(180): CWebApplication->processRequest()
#2 D:\wamp\www\m_myzd\index.php(13): CApplication->run()
#3 {main}
REQUEST_URI=/favicon.ico
---
2016/03/14 02:48:38 [error] [exception.CHttpException.404] exception 'CHttpException' with message '无法解析请求 "themes/m5/images/waitPay.png"。' in D:\wamp\www\yii\framework\web\CWebApplication.php:286
Stack trace:
#0 D:\wamp\www\yii\framework\web\CWebApplication.php(141): CWebApplication->runController('themes/m5/image...')
#1 D:\wamp\www\yii\framework\base\CApplication.php(180): CWebApplication->processRequest()
#2 D:\wamp\www\m_myzd\index.php(13): CApplication->run()
#3 {main}
REQUEST_URI=/themes/m5/images/waitPay.png
HTTP_REFERER=http://m.bendi.com/mobile/user/view
---
2016/03/14 02:48:38 [error] [exception.CHttpException.404] exception 'CHttpException' with message '无法解析请求 "themes/m5/images/headImg.png"。' in D:\wamp\www\yii\framework\web\CWebApplication.php:286
Stack trace:
#0 D:\wamp\www\yii\framework\web\CWebApplication.php(141): CWebApplication->runController('themes/m5/image...')
#1 D:\wamp\www\yii\framework\base\CApplication.php(180): CWebApplication->processRequest()
#2 D:\wamp\www\m_myzd\index.php(13): CApplication->run()
#3 {main}
REQUEST_URI=/themes/m5/images/headImg.png
HTTP_REFERER=http://m.bendi.com/mobile/user/view
---
2016/03/14 02:48:38 [error] [exception.CHttpException.404] exception 'CHttpException' with message '无法解析请求 "themes/m5/images/arrangementIn.png"。' in D:\wamp\www\yii\framework\web\CWebApplication.php:286
Stack trace:
#0 D:\wamp\www\yii\framework\web\CWebApplication.php(141): CWebApplication->runController('themes/m5/image...')
#1 D:\wamp\www\yii\framework\base\CApplication.php(180): CWebApplication->processRequest()
#2 D:\wamp\www\m_myzd\index.php(13): CApplication->run()
#3 {main}
REQUEST_URI=/themes/m5/images/arrangementIn.png
HTTP_REFERER=http://m.bendi.com/mobile/user/view
---
2016/03/14 02:48:38 [error] [exception.CHttpException.404] exception 'CHttpException' with message '无法解析请求 "themes/m5/images/waitConfirm.png"。' in D:\wamp\www\yii\framework\web\CWebApplication.php:286
Stack trace:
#0 D:\wamp\www\yii\framework\web\CWebApplication.php(141): CWebApplication->runController('themes/m5/image...')
#1 D:\wamp\www\yii\framework\base\CApplication.php(180): CWebApplication->processRequest()
#2 D:\wamp\www\m_myzd\index.php(13): CApplication->run()
#3 {main}
REQUEST_URI=/themes/m5/images/waitConfirm.png
HTTP_REFERER=http://m.bendi.com/mobile/user/view
---
2016/03/14 02:48:38 [error] [exception.CHttpException.404] exception 'CHttpException' with message '无法解析请求 "themes/m5/images/waitEvaluate.png"。' in D:\wamp\www\yii\framework\web\CWebApplication.php:286
Stack trace:
#0 D:\wamp\www\yii\framework\web\CWebApplication.php(141): CWebApplication->runController('themes/m5/image...')
#1 D:\wamp\www\yii\framework\base\CApplication.php(180): CWebApplication->processRequest()
#2 D:\wamp\www\m_myzd\index.php(13): CApplication->run()
#3 {main}
REQUEST_URI=/themes/m5/images/waitEvaluate.png
HTTP_REFERER=http://m.bendi.com/mobile/user/view
---
2016/03/14 02:48:38 [error] [exception.CHttpException.404] exception 'CHttpException' with message '无法解析请求 "themes/m5/images/nextGray.png"。' in D:\wamp\www\yii\framework\web\CWebApplication.php:286
Stack trace:
#0 D:\wamp\www\yii\framework\web\CWebApplication.php(141): CWebApplication->runController('themes/m5/image...')
#1 D:\wamp\www\yii\framework\base\CApplication.php(180): CWebApplication->processRequest()
#2 D:\wamp\www\m_myzd\index.php(13): CApplication->run()
#3 {main}
REQUEST_URI=/themes/m5/images/nextGray.png
HTTP_REFERER=http://m.bendi.com/mobile/user/view
---
2016/03/14 02:48:38 [error] [exception.CHttpException.404] exception 'CHttpException' with message '无法解析请求 "themes/m5/images/bookingOrder.png"。' in D:\wamp\www\yii\framework\web\CWebApplication.php:286
Stack trace:
#0 D:\wamp\www\yii\framework\web\CWebApplication.php(141): CWebApplication->runController('themes/m5/image...')
#1 D:\wamp\www\yii\framework\base\CApplication.php(180): CWebApplication->processRequest()
#2 D:\wamp\www\m_myzd\index.php(13): CApplication->run()
#3 {main}
REQUEST_URI=/themes/m5/images/bookingOrder.png
HTTP_REFERER=http://m.bendi.com/mobile/user/view
---
2016/03/14 02:48:38 [error] [exception.CHttpException.404] exception 'CHttpException' with message '无法解析请求 "themes/m5/images/nextBlack.png"。' in D:\wamp\www\yii\framework\web\CWebApplication.php:286
Stack trace:
#0 D:\wamp\www\yii\framework\web\CWebApplication.php(141): CWebApplication->runController('themes/m5/image...')
#1 D:\wamp\www\yii\framework\base\CApplication.php(180): CWebApplication->processRequest()
#2 D:\wamp\www\m_myzd\index.php(13): CApplication->run()
#3 {main}
REQUEST_URI=/themes/m5/images/nextBlack.png
HTTP_REFERER=http://m.bendi.com/mobile/user/view
---
2016/03/14 02:48:38 [error] [exception.CHttpException.404] exception 'CHttpException' with message '无法解析请求 "themes/m5/images/commonProblem.png"。' in D:\wamp\www\yii\framework\web\CWebApplication.php:286
Stack trace:
#0 D:\wamp\www\yii\framework\web\CWebApplication.php(141): CWebApplication->runController('themes/m5/image...')
#1 D:\wamp\www\yii\framework\base\CApplication.php(180): CWebApplication->processRequest()
#2 D:\wamp\www\m_myzd\index.php(13): CApplication->run()
#3 {main}
REQUEST_URI=/themes/m5/images/commonProblem.png
HTTP_REFERER=http://m.bendi.com/mobile/user/view
---
2016/03/14 02:48:38 [error] [exception.CHttpException.404] exception 'CHttpException' with message '无法解析请求 "themes/m5/images/aboutUs.png"。' in D:\wamp\www\yii\framework\web\CWebApplication.php:286
Stack trace:
#0 D:\wamp\www\yii\framework\web\CWebApplication.php(141): CWebApplication->runController('themes/m5/image...')
#1 D:\wamp\www\yii\framework\base\CApplication.php(180): CWebApplication->processRequest()
#2 D:\wamp\www\m_myzd\index.php(13): CApplication->run()
#3 {main}
REQUEST_URI=/themes/m5/images/aboutUs.png
HTTP_REFERER=http://m.bendi.com/mobile/user/view
---
2016/03/14 02:48:38 [error] [exception.CHttpException.404] exception 'CHttpException' with message '无法解析请求 "themes/m5/images/contactService.png"。' in D:\wamp\www\yii\framework\web\CWebApplication.php:286
Stack trace:
#0 D:\wamp\www\yii\framework\web\CWebApplication.php(141): CWebApplication->runController('themes/m5/image...')
#1 D:\wamp\www\yii\framework\base\CApplication.php(180): CWebApplication->processRequest()
#2 D:\wamp\www\m_myzd\index.php(13): CApplication->run()
#3 {main}
REQUEST_URI=/themes/m5/images/contactService.png
HTTP_REFERER=http://m.bendi.com/mobile/user/view
---
2016/03/14 02:48:38 [error] [exception.CHttpException.404] exception 'CHttpException' with message '无法解析请求 "themes/m5/images/service.png"。' in D:\wamp\www\yii\framework\web\CWebApplication.php:286
Stack trace:
#0 D:\wamp\www\yii\framework\web\CWebApplication.php(141): CWebApplication->runController('themes/m5/image...')
#1 D:\wamp\www\yii\framework\base\CApplication.php(180): CWebApplication->processRequest()
#2 D:\wamp\www\m_myzd\index.php(13): CApplication->run()
#3 {main}
REQUEST_URI=/themes/m5/images/service.png
HTTP_REFERER=http://m.bendi.com/mobile/user/view
---
2016/03/14 02:48:38 [error] [exception.CHttpException.404] exception 'CHttpException' with message '无法解析请求 "themes/m5/images/exitLogin.png"。' in D:\wamp\www\yii\framework\web\CWebApplication.php:286
Stack trace:
#0 D:\wamp\www\yii\framework\web\CWebApplication.php(141): CWebApplication->runController('themes/m5/image...')
#1 D:\wamp\www\yii\framework\base\CApplication.php(180): CWebApplication->processRequest()
#2 D:\wamp\www\m_myzd\index.php(13): CApplication->run()
#3 {main}
REQUEST_URI=/themes/m5/images/exitLogin.png
HTTP_REFERER=http://m.bendi.com/mobile/user/view
---
2016/03/14 03:35:15 [error] [exception.CException] exception 'CException' with message '属性 "User.user_id" 未被定义.' in D:\wamp\www\yii\framework\base\CComponent.php:130
Stack trace:
#0 D:\wamp\www\yii\framework\db\ar\CActiveRecord.php(145): CComponent->__get('user_id')
#1 D:\wamp\www\yii\framework\base\CModel.php(596): CActiveRecord->__get('user_id')
#2 D:\wamp\www\m_myzd\protected\modules\mobile\controllers\UserController.php(72): CModel->offsetGet('user_id')
#3 D:\wamp\www\yii\framework\web\actions\CInlineAction.php(49): UserController->actionView()
#4 D:\wamp\www\yii\framework\web\CController.php(308): CInlineAction->runWithParams(Array)
#5 D:\wamp\www\yii\framework\web\filters\CFilterChain.php(133): CController->runAction(Object(CInlineAction))
#6 D:\wamp\www\yii\framework\web\filters\CFilter.php(40): CFilterChain->run()
#7 D:\wamp\www\yii\framework\web\CController.php(1145): CFilter->filter(Object(CFilterChain))
#8 D:\wamp\www\yii\framework\web\filters\CInlineFilter.php(58): CController->filterAccessControl(Object(CFilterChain))
#9 D:\wamp\www\yii\framework\web\filters\CFilterChain.php(130): CInlineFilter->filter(Object(CFilterChain))
#10 D:\wamp\www\yii\framework\web\CController.php(291): CFilterChain->run()
#11 D:\wamp\www\yii\framework\web\CController.php(265): CController->runActionWithFilters(Object(CInlineAction), Array)
#12 D:\wamp\www\yii\framework\web\CWebApplication.php(282): CController->run('view')
#13 D:\wamp\www\yii\framework\web\CWebApplication.php(141): CWebApplication->runController('mobile/user/vie...')
#14 D:\wamp\www\yii\framework\base\CApplication.php(180): CWebApplication->processRequest()
#15 D:\wamp\www\m_myzd\index.php(13): CApplication->run()
#16 {main}
REQUEST_URI=/mobile/user/view
HTTP_REFERER=http://m.bendi.com/
---
2016/03/14 03:35:27 [error] [exception.CException] exception 'CException' with message '属性 "User.user_id" 未被定义.' in D:\wamp\www\yii\framework\base\CComponent.php:130
Stack trace:
#0 D:\wamp\www\yii\framework\db\ar\CActiveRecord.php(145): CComponent->__get('user_id')
#1 D:\wamp\www\yii\framework\base\CModel.php(596): CActiveRecord->__get('user_id')
#2 D:\wamp\www\m_myzd\protected\modules\mobile\controllers\UserController.php(73): CModel->offsetGet('user_id')
#3 D:\wamp\www\yii\framework\web\actions\CInlineAction.php(49): UserController->actionView()
#4 D:\wamp\www\yii\framework\web\CController.php(308): CInlineAction->runWithParams(Array)
#5 D:\wamp\www\yii\framework\web\filters\CFilterChain.php(133): CController->runAction(Object(CInlineAction))
#6 D:\wamp\www\yii\framework\web\filters\CFilter.php(40): CFilterChain->run()
#7 D:\wamp\www\yii\framework\web\CController.php(1145): CFilter->filter(Object(CFilterChain))
#8 D:\wamp\www\yii\framework\web\filters\CInlineFilter.php(58): CController->filterAccessControl(Object(CFilterChain))
#9 D:\wamp\www\yii\framework\web\filters\CFilterChain.php(130): CInlineFilter->filter(Object(CFilterChain))
#10 D:\wamp\www\yii\framework\web\CController.php(291): CFilterChain->run()
#11 D:\wamp\www\yii\framework\web\CController.php(265): CController->runActionWithFilters(Object(CInlineAction), Array)
#12 D:\wamp\www\yii\framework\web\CWebApplication.php(282): CController->run('view')
#13 D:\wamp\www\yii\framework\web\CWebApplication.php(141): CWebApplication->runController('mobile/user/vie...')
#14 D:\wamp\www\yii\framework\base\CApplication.php(180): CWebApplication->processRequest()
#15 D:\wamp\www\m_myzd\index.php(13): CApplication->run()
#16 {main}
REQUEST_URI=/mobile/user/view
HTTP_REFERER=http://m.bendi.com/
---
2016/03/14 03:35:55 [error] [system.db.CDbCommand] CDbCommand::fetchColumn() failed: SQLSTATE[42000]: Syntax error or access violation: 1064 Erreur de syntaxe près de 'GROUP BY t.bk_status)' à la ligne 1. The SQL statement executed was: SELECT COUNT(*) FROM `booking` `t` WHERE (t.user_id=:ycp0) AND (t.date_deleted is NULL GROUP BY t.bk_status).
in D:\wamp\www\m_myzd\protected\models\booking\Booking.php (543)
in D:\wamp\www\m_myzd\protected\modules\mobile\controllers\UserController.php (73)
in D:\wamp\www\m_myzd\index.php (13)
2016/03/14 03:35:55 [error] [exception.CDbException] exception 'CDbException' with message 'CDbCommand 无法执行 SQL 语句: SQLSTATE[42000]: Syntax error or access violation: 1064 Erreur de syntaxe près de 'GROUP BY t.bk_status)' à la ligne 1. The SQL statement executed was: SELECT COUNT(*) FROM `booking` `t` WHERE (t.user_id=:ycp0) AND (t.date_deleted is NULL GROUP BY t.bk_status)' in D:\wamp\www\yii\framework\db\CDbCommand.php:543
Stack trace:
#0 D:\wamp\www\yii\framework\db\CDbCommand.php(433): CDbCommand->queryInternal('fetchColumn', 0, Array)
#1 D:\wamp\www\yii\framework\db\ar\CActiveRecord.php(1601): CDbCommand->queryScalar()
#2 D:\wamp\www\m_myzd\protected\models\booking\Booking.php(543): CActiveRecord->count(Object(CDbCriteria))
#3 D:\wamp\www\m_myzd\protected\modules\mobile\controllers\UserController.php(73): Booking->getCountBkStatusByUserId('100400')
#4 D:\wamp\www\yii\framework\web\actions\CInlineAction.php(49): UserController->actionView()
#5 D:\wamp\www\yii\framework\web\CController.php(308): CInlineAction->runWithParams(Array)
#6 D:\wamp\www\yii\framework\web\filters\CFilterChain.php(133): CController->runAction(Object(CInlineAction))
#7 D:\wamp\www\yii\framework\web\filters\CFilter.php(40): CFilterChain->run()
#8 D:\wamp\www\yii\framework\web\CController.php(1145): CFilter->filter(Object(CFilterChain))
#9 D:\wamp\www\yii\framework\web\filters\CInlineFilter.php(58): CController->filterAccessControl(Object(CFilterChain))
#10 D:\wamp\www\yii\framework\web\filters\CFilterChain.php(130): CInlineFilter->filter(Object(CFilterChain))
#11 D:\wamp\www\yii\framework\web\CController.php(291): CFilterChain->run()
#12 D:\wamp\www\yii\framework\web\CController.php(265): CController->runActionWithFilters(Object(CInlineAction), Array)
#13 D:\wamp\www\yii\framework\web\CWebApplication.php(282): CController->run('view')
#14 D:\wamp\www\yii\framework\web\CWebApplication.php(141): CWebApplication->runController('mobile/user/vie...')
#15 D:\wamp\www\yii\framework\base\CApplication.php(180): CWebApplication->processRequest()
#16 D:\wamp\www\m_myzd\index.php(13): CApplication->run()
#17 {main}
REQUEST_URI=/mobile/user/view
HTTP_REFERER=http://m.bendi.com/
---
2016/03/14 03:37:50 [error] [system.db.CDbCommand] CDbCommand::fetchColumn() failed: SQLSTATE[42000]: Syntax error or access violation: 1064 Erreur de syntaxe près de 'GROUP BY t.bk_status)' à la ligne 1. The SQL statement executed was: SELECT COUNT(*) FROM `booking` `t` WHERE (t.user_id=:ycp0) AND (t.date_deleted is NULL GROUP BY t.bk_status).
in D:\wamp\www\m_myzd\protected\models\booking\Booking.php (543)
in D:\wamp\www\m_myzd\protected\modules\mobile\controllers\UserController.php (73)
in D:\wamp\www\m_myzd\index.php (13)
2016/03/14 03:37:50 [error] [exception.CDbException] exception 'CDbException' with message 'CDbCommand 无法执行 SQL 语句: SQLSTATE[42000]: Syntax error or access violation: 1064 Erreur de syntaxe près de 'GROUP BY t.bk_status)' à la ligne 1. The SQL statement executed was: SELECT COUNT(*) FROM `booking` `t` WHERE (t.user_id=:ycp0) AND (t.date_deleted is NULL GROUP BY t.bk_status)' in D:\wamp\www\yii\framework\db\CDbCommand.php:543
Stack trace:
#0 D:\wamp\www\yii\framework\db\CDbCommand.php(433): CDbCommand->queryInternal('fetchColumn', 0, Array)
#1 D:\wamp\www\yii\framework\db\ar\CActiveRecord.php(1601): CDbCommand->queryScalar()
#2 D:\wamp\www\m_myzd\protected\models\booking\Booking.php(543): CActiveRecord->count(Object(CDbCriteria))
#3 D:\wamp\www\m_myzd\protected\modules\mobile\controllers\UserController.php(73): Booking->getCountBkStatusByUserId('100400')
#4 D:\wamp\www\yii\framework\web\actions\CInlineAction.php(49): UserController->actionView()
#5 D:\wamp\www\yii\framework\web\CController.php(308): CInlineAction->runWithParams(Array)
#6 D:\wamp\www\yii\framework\web\filters\CFilterChain.php(133): CController->runAction(Object(CInlineAction))
#7 D:\wamp\www\yii\framework\web\filters\CFilter.php(40): CFilterChain->run()
#8 D:\wamp\www\yii\framework\web\CController.php(1145): CFilter->filter(Object(CFilterChain))
#9 D:\wamp\www\yii\framework\web\filters\CInlineFilter.php(58): CController->filterAccessControl(Object(CFilterChain))
#10 D:\wamp\www\yii\framework\web\filters\CFilterChain.php(130): CInlineFilter->filter(Object(CFilterChain))
#11 D:\wamp\www\yii\framework\web\CController.php(291): CFilterChain->run()
#12 D:\wamp\www\yii\framework\web\CController.php(265): CController->runActionWithFilters(Object(CInlineAction), Array)
#13 D:\wamp\www\yii\framework\web\CWebApplication.php(282): CController->run('view')
#14 D:\wamp\www\yii\framework\web\CWebApplication.php(141): CWebApplication->runController('mobile/user/vie...')
#15 D:\wamp\www\yii\framework\base\CApplication.php(180): CWebApplication->processRequest()
#16 D:\wamp\www\m_myzd\index.php(13): CApplication->run()
#17 {main}
REQUEST_URI=/mobile/user/view
HTTP_REFERER=http://m.bendi.com/
---
2016/03/14 03:49:17 [error] [system.db.CDbCommand] CDbCommand::fetchColumn() failed: SQLSTATE[42000]: Syntax error or access violation: 1064 Erreur de syntaxe près de 'GROUP BY t.bk_status)' à la ligne 1. The SQL statement executed was: SELECT COUNT(*) FROM `booking` `t` WHERE (t.user_id=:ycp0) AND (t.date_deleted is NULL GROUP BY t.bk_status).
in D:\wamp\www\m_myzd\protected\models\booking\Booking.php (543)
in D:\wamp\www\m_myzd\protected\modules\mobile\controllers\UserController.php (73)
in D:\wamp\www\m_myzd\index.php (13)
2016/03/14 03:49:17 [error] [exception.CDbException] exception 'CDbException' with message 'CDbCommand 无法执行 SQL 语句: SQLSTATE[42000]: Syntax error or access violation: 1064 Erreur de syntaxe près de 'GROUP BY t.bk_status)' à la ligne 1. The SQL statement executed was: SELECT COUNT(*) FROM `booking` `t` WHERE (t.user_id=:ycp0) AND (t.date_deleted is NULL GROUP BY t.bk_status)' in D:\wamp\www\yii\framework\db\CDbCommand.php:543
Stack trace:
#0 D:\wamp\www\yii\framework\db\CDbCommand.php(433): CDbCommand->queryInternal('fetchColumn', 0, Array)
#1 D:\wamp\www\yii\framework\db\ar\CActiveRecord.php(1601): CDbCommand->queryScalar()
#2 D:\wamp\www\m_myzd\protected\models\booking\Booking.php(543): CActiveRecord->count(Object(CDbCriteria))
#3 D:\wamp\www\m_myzd\protected\modules\mobile\controllers\UserController.php(73): Booking->getCountBkStatusByUserId('100400')
#4 D:\wamp\www\yii\framework\web\actions\CInlineAction.php(49): UserController->actionView()
#5 D:\wamp\www\yii\framework\web\CController.php(308): CInlineAction->runWithParams(Array)
#6 D:\wamp\www\yii\framework\web\filters\CFilterChain.php(133): CController->runAction(Object(CInlineAction))
#7 D:\wamp\www\yii\framework\web\filters\CFilter.php(40): CFilterChain->run()
#8 D:\wamp\www\yii\framework\web\CController.php(1145): CFilter->filter(Object(CFilterChain))
#9 D:\wamp\www\yii\framework\web\filters\CInlineFilter.php(58): CController->filterAccessControl(Object(CFilterChain))
#10 D:\wamp\www\yii\framework\web\filters\CFilterChain.php(130): CInlineFilter->filter(Object(CFilterChain))
#11 D:\wamp\www\yii\framework\web\CController.php(291): CFilterChain->run()
#12 D:\wamp\www\yii\framework\web\CController.php(265): CController->runActionWithFilters(Object(CInlineAction), Array)
#13 D:\wamp\www\yii\framework\web\CWebApplication.php(282): CController->run('view')
#14 D:\wamp\www\yii\framework\web\CWebApplication.php(141): CWebApplication->runController('mobile/user/vie...')
#15 D:\wamp\www\yii\framework\base\CApplication.php(180): CWebApplication->processRequest()
#16 D:\wamp\www\m_myzd\index.php(13): CApplication->run()
#17 {main}
REQUEST_URI=/mobile/user/view
HTTP_REFERER=http://m.bendi.com/
---
2016/03/14 07:25:29 [error] [exception.CHttpException.403] exception 'CHttpException' with message '您未被授权执行这个动作' in D:\wamp\www\yii\framework\web\auth\CAccessControlFilter.php:182
Stack trace:
#0 D:\wamp\www\yii\framework\web\auth\CAccessControlFilter.php(145): CAccessControlFilter->accessDenied(Object(EWebUser), '\xE6\x82\xA8\xE6\x9C\xAA\xE8\xA2\xAB\xE6\x8E\x88\xE6\x9D\x83...')
#1 D:\wamp\www\yii\framework\web\filters\CFilter.php(38): CAccessControlFilter->preFilter(Object(CFilterChain))
#2 D:\wamp\www\yii\framework\web\CController.php(1145): CFilter->filter(Object(CFilterChain))
#3 D:\wamp\www\yii\framework\web\filters\CInlineFilter.php(58): CController->filterAccessControl(Object(CFilterChain))
#4 D:\wamp\www\yii\framework\web\filters\CFilterChain.php(130): CInlineFilter->filter(Object(CFilterChain))
#5 D:\wamp\www\yii\framework\web\CController.php(291): CFilterChain->run()
#6 D:\wamp\www\yii\framework\web\CController.php(265): CController->runActionWithFilters(Object(CInlineAction), Array)
#7 D:\wamp\www\yii\framework\web\CWebApplication.php(282): CController->run('bookingdetails')
#8 D:\wamp\www\yii\framework\web\CWebApplication.php(141): CWebApplication->runController('mobile/booking/...')
#9 D:\wamp\www\yii\framework\base\CApplication.php(180): CWebApplication->processRequest()
#10 D:\wamp\www\m_myzd\index.php(13): CApplication->run()
#11 {main}
REQUEST_URI=/mobile/booking/bookingDetails
---
2016/03/14 07:25:35 [error] [exception.CHttpException.403] exception 'CHttpException' with message '您未被授权执行这个动作' in D:\wamp\www\yii\framework\web\auth\CAccessControlFilter.php:182
Stack trace:
#0 D:\wamp\www\yii\framework\web\auth\CAccessControlFilter.php(145): CAccessControlFilter->accessDenied(Object(EWebUser), '\xE6\x82\xA8\xE6\x9C\xAA\xE8\xA2\xAB\xE6\x8E\x88\xE6\x9D\x83...')
#1 D:\wamp\www\yii\framework\web\filters\CFilter.php(38): CAccessControlFilter->preFilter(Object(CFilterChain))
#2 D:\wamp\www\yii\framework\web\CController.php(1145): CFilter->filter(Object(CFilterChain))
#3 D:\wamp\www\yii\framework\web\filters\CInlineFilter.php(58): CController->filterAccessControl(Object(CFilterChain))
#4 D:\wamp\www\yii\framework\web\filters\CFilterChain.php(130): CInlineFilter->filter(Object(CFilterChain))
#5 D:\wamp\www\yii\framework\web\CController.php(291): CFilterChain->run()
#6 D:\wamp\www\yii\framework\web\CController.php(265): CController->runActionWithFilters(Object(CInlineAction), Array)
#7 D:\wamp\www\yii\framework\web\CWebApplication.php(282): CController->run('bookingdetails')
#8 D:\wamp\www\yii\framework\web\CWebApplication.php(141): CWebApplication->runController('mobile/booking/...')
#9 D:\wamp\www\yii\framework\base\CApplication.php(180): CWebApplication->processRequest()
#10 D:\wamp\www\m_myzd\index.php(13): CApplication->run()
#11 {main}
REQUEST_URI=/mobile/booking/bookingdetails
---
2016/03/14 07:25:55 [error] [exception.CHttpException.403] exception 'CHttpException' with message '您未被授权执行这个动作' in D:\wamp\www\yii\framework\web\auth\CAccessControlFilter.php:182
Stack trace:
#0 D:\wamp\www\yii\framework\web\auth\CAccessControlFilter.php(145): CAccessControlFilter->accessDenied(Object(EWebUser), '\xE6\x82\xA8\xE6\x9C\xAA\xE8\xA2\xAB\xE6\x8E\x88\xE6\x9D\x83...')
#1 D:\wamp\www\yii\framework\web\filters\CFilter.php(38): CAccessControlFilter->preFilter(Object(CFilterChain))
#2 D:\wamp\www\yii\framework\web\CController.php(1145): CFilter->filter(Object(CFilterChain))
#3 D:\wamp\www\yii\framework\web\filters\CInlineFilter.php(58): CController->filterAccessControl(Object(CFilterChain))
#4 D:\wamp\www\yii\framework\web\filters\CFilterChain.php(130): CInlineFilter->filter(Object(CFilterChain))
#5 D:\wamp\www\yii\framework\web\CController.php(291): CFilterChain->run()
#6 D:\wamp\www\yii\framework\web\CController.php(265): CController->runActionWithFilters(Object(CInlineAction), Array)
#7 D:\wamp\www\yii\framework\web\CWebApplication.php(282): CController->run('details')
#8 D:\wamp\www\yii\framework\web\CWebApplication.php(141): CWebApplication->runController('mobile/booking/...')
#9 D:\wamp\www\yii\framework\base\CApplication.php(180): CWebApplication->processRequest()
#10 D:\wamp\www\m_myzd\index.php(13): CApplication->run()
#11 {main}
REQUEST_URI=/mobile/booking/details
---
2016/03/14 07:26:34 [error] [exception.CHttpException.404] exception 'CHttpException' with message '无法解析请求 "themes/m5/images/arrangementIn.png"。' in D:\wamp\www\yii\framework\web\CWebApplication.php:286
Stack trace:
#0 D:\wamp\www\yii\framework\web\CWebApplication.php(141): CWebApplication->runController('themes/m5/image...')
#1 D:\wamp\www\yii\framework\base\CApplication.php(180): CWebApplication->processRequest()
#2 D:\wamp\www\m_myzd\index.php(13): CApplication->run()
#3 {main}
REQUEST_URI=/themes/m5/images/arrangementIn.png
HTTP_REFERER=http://m.bendi.com/mobile/user/view
---
2016/03/14 07:26:34 [error] [exception.CHttpException.404] exception 'CHttpException' with message '无法解析请求 "themes/m5/images/headImg.png"。' in D:\wamp\www\yii\framework\web\CWebApplication.php:286
Stack trace:
#0 D:\wamp\www\yii\framework\web\CWebApplication.php(141): CWebApplication->runController('themes/m5/image...')
#1 D:\wamp\www\yii\framework\base\CApplication.php(180): CWebApplication->processRequest()
#2 D:\wamp\www\m_myzd\index.php(13): CApplication->run()
#3 {main}
REQUEST_URI=/themes/m5/images/headImg.png
HTTP_REFERER=http://m.bendi.com/mobile/user/view
---
2016/03/14 07:26:34 [error] [exception.CHttpException.404] exception 'CHttpException' with message '无法解析请求 "themes/m5/images/waitPay.png"。' in D:\wamp\www\yii\framework\web\CWebApplication.php:286
Stack trace:
#0 D:\wamp\www\yii\framework\web\CWebApplication.php(141): CWebApplication->runController('themes/m5/image...')
#1 D:\wamp\www\yii\framework\base\CApplication.php(180): CWebApplication->processRequest()
#2 D:\wamp\www\m_myzd\index.php(13): CApplication->run()
#3 {main}
REQUEST_URI=/themes/m5/images/waitPay.png
HTTP_REFERER=http://m.bendi.com/mobile/user/view
---
2016/03/14 07:26:34 [error] [exception.CHttpException.404] exception 'CHttpException' with message '无法解析请求 "themes/m5/images/commonProblem.png"。' in D:\wamp\www\yii\framework\web\CWebApplication.php:286
Stack trace:
#0 D:\wamp\www\yii\framework\web\CWebApplication.php(141): CWebApplication->runController('themes/m5/image...')
#1 D:\wamp\www\yii\framework\base\CApplication.php(180): CWebApplication->processRequest()
#2 D:\wamp\www\m_myzd\index.php(13): CApplication->run()
#3 {main}
REQUEST_URI=/themes/m5/images/commonProblem.png
HTTP_REFERER=http://m.bendi.com/mobile/user/view
---
2016/03/14 07:26:34 [error] [exception.CHttpException.404] exception 'CHttpException' with message '无法解析请求 "themes/m5/images/waitConfirm.png"。' in D:\wamp\www\yii\framework\web\CWebApplication.php:286
Stack trace:
#0 D:\wamp\www\yii\framework\web\CWebApplication.php(141): CWebApplication->runController('themes/m5/image...')
#1 D:\wamp\www\yii\framework\base\CApplication.php(180): CWebApplication->processRequest()
#2 D:\wamp\www\m_myzd\index.php(13): CApplication->run()
#3 {main}
REQUEST_URI=/themes/m5/images/waitConfirm.png
HTTP_REFERER=http://m.bendi.com/mobile/user/view
---
2016/03/14 07:26:34 [error] [exception.CHttpException.404] exception 'CHttpException' with message '无法解析请求 "themes/m5/images/waitEvaluate.png"。' in D:\wamp\www\yii\framework\web\CWebApplication.php:286
Stack trace:
#0 D:\wamp\www\yii\framework\web\CWebApplication.php(141): CWebApplication->runController('themes/m5/image...')
#1 D:\wamp\www\yii\framework\base\CApplication.php(180): CWebApplication->processRequest()
#2 D:\wamp\www\m_myzd\index.php(13): CApplication->run()
#3 {main}
REQUEST_URI=/themes/m5/images/waitEvaluate.png
HTTP_REFERER=http://m.bendi.com/mobile/user/view
---
2016/03/14 07:26:34 [error] [exception.CHttpException.404] exception 'CHttpException' with message '无法解析请求 "themes/m5/images/bookingOrder.png"。' in D:\wamp\www\yii\framework\web\CWebApplication.php:286
Stack trace:
#0 D:\wamp\www\yii\framework\web\CWebApplication.php(141): CWebApplication->runController('themes/m5/image...')
#1 D:\wamp\www\yii\framework\base\CApplication.php(180): CWebApplication->processRequest()
#2 D:\wamp\www\m_myzd\index.php(13): CApplication->run()
#3 {main}
REQUEST_URI=/themes/m5/images/bookingOrder.png
HTTP_REFERER=http://m.bendi.com/mobile/user/view
---
2016/03/14 07:26:34 [error] [exception.CHttpException.404] exception 'CHttpException' with message '无法解析请求 "themes/m5/images/nextGray.png"。' in D:\wamp\www\yii\framework\web\CWebApplication.php:286
Stack trace:
#0 D:\wamp\www\yii\framework\web\CWebApplication.php(141): CWebApplication->runController('themes/m5/image...')
#1 D:\wamp\www\yii\framework\base\CApplication.php(180): CWebApplication->processRequest()
#2 D:\wamp\www\m_myzd\index.php(13): CApplication->run()
#3 {main}
REQUEST_URI=/themes/m5/images/nextGray.png
HTTP_REFERER=http://m.bendi.com/mobile/user/view
---
2016/03/14 07:26:34 [error] [exception.CHttpException.404] exception 'CHttpException' with message '无法解析请求 "themes/m5/images/aboutUs.png"。' in D:\wamp\www\yii\framework\web\CWebApplication.php:286
Stack trace:
#0 D:\wamp\www\yii\framework\web\CWebApplication.php(141): CWebApplication->runController('themes/m5/image...')
#1 D:\wamp\www\yii\framework\base\CApplication.php(180): CWebApplication->processRequest()
#2 D:\wamp\www\m_myzd\index.php(13): CApplication->run()
#3 {main}
REQUEST_URI=/themes/m5/images/aboutUs.png
HTTP_REFERER=http://m.bendi.com/mobile/user/view
---
2016/03/14 07:26:34 [error] [exception.CHttpException.404] exception 'CHttpException' with message '无法解析请求 "themes/m5/images/nextBlack.png"。' in D:\wamp\www\yii\framework\web\CWebApplication.php:286
Stack trace:
#0 D:\wamp\www\yii\framework\web\CWebApplication.php(141): CWebApplication->runController('themes/m5/image...')
#1 D:\wamp\www\yii\framework\base\CApplication.php(180): CWebApplication->processRequest()
#2 D:\wamp\www\m_myzd\index.php(13): CApplication->run()
#3 {main}
REQUEST_URI=/themes/m5/images/nextBlack.png
HTTP_REFERER=http://m.bendi.com/mobile/user/view
---
2016/03/14 07:26:34 [error] [exception.CHttpException.404] exception 'CHttpException' with message '无法解析请求 "themes/m5/images/contactService.png"。' in D:\wamp\www\yii\framework\web\CWebApplication.php:286
Stack trace:
#0 D:\wamp\www\yii\framework\web\CWebApplication.php(141): CWebApplication->runController('themes/m5/image...')
#1 D:\wamp\www\yii\framework\base\CApplication.php(180): CWebApplication->processRequest()
#2 D:\wamp\www\m_myzd\index.php(13): CApplication->run()
#3 {main}
REQUEST_URI=/themes/m5/images/contactService.png
HTTP_REFERER=http://m.bendi.com/mobile/user/view
---
2016/03/14 07:26:34 [error] [exception.CHttpException.404] exception 'CHttpException' with message '无法解析请求 "themes/m5/images/service.png"。' in D:\wamp\www\yii\framework\web\CWebApplication.php:286
Stack trace:
#0 D:\wamp\www\yii\framework\web\CWebApplication.php(141): CWebApplication->runController('themes/m5/image...')
#1 D:\wamp\www\yii\framework\base\CApplication.php(180): CWebApplication->processRequest()
#2 D:\wamp\www\m_myzd\index.php(13): CApplication->run()
#3 {main}
REQUEST_URI=/themes/m5/images/service.png
HTTP_REFERER=http://m.bendi.com/mobile/user/view
---
2016/03/14 07:26:34 [error] [exception.CHttpException.404] exception 'CHttpException' with message '无法解析请求 "themes/m5/images/exitLogin.png"。' in D:\wamp\www\yii\framework\web\CWebApplication.php:286
Stack trace:
#0 D:\wamp\www\yii\framework\web\CWebApplication.php(141): CWebApplication->runController('themes/m5/image...')
#1 D:\wamp\www\yii\framework\base\CApplication.php(180): CWebApplication->processRequest()
#2 D:\wamp\www\m_myzd\index.php(13): CApplication->run()
#3 {main}
REQUEST_URI=/themes/m5/images/exitLogin.png
HTTP_REFERER=http://m.bendi.com/mobile/user/view
---
2016/03/14 07:29:53 [error] [php] Undefined variable: id (D:\wamp\www\m_myzd\protected\modules\mobile\controllers\BookingController.php:619)
Stack trace:
#0 D:\wamp\www\yii\framework\web\filters\CFilterChain.php(133): BookingController->runAction()
#1 D:\wamp\www\yii\framework\web\filters\CFilter.php(40): CFilterChain->run()
#2 D:\wamp\www\yii\framework\web\CController.php(1145): CAccessControlFilter->filter()
#3 D:\wamp\www\yii\framework\web\filters\CInlineFilter.php(58): BookingController->filterAccessControl()
#4 D:\wamp\www\yii\framework\web\filters\CFilterChain.php(130): CInlineFilter->filter()
#5 D:\wamp\www\yii\framework\web\CController.php(291): CFilterChain->run()
#6 D:\wamp\www\yii\framework\web\CController.php(265): BookingController->runActionWithFilters()
#7 D:\wamp\www\yii\framework\web\CWebApplication.php(282): BookingController->run()
#8 D:\wamp\www\yii\framework\web\CWebApplication.php(141): CWebApplication->runController()
#9 D:\wamp\www\yii\framework\base\CApplication.php(180): CWebApplication->processRequest()
#10 D:\wamp\www\m_myzd\index.php(13): CWebApplication->run()
REQUEST_URI=/mobile/booking/bookingDetails?id=154
in D:\wamp\www\m_myzd\protected\modules\mobile\controllers\BookingController.php (619)
in D:\wamp\www\m_myzd\index.php (13)
2016/03/14 08:19:08 [error] [exception.CHttpException.404] exception 'CHttpException' with message '无法解析请求 "themes/m5/images/headImg.png"。' in D:\wamp\www\yii\framework\web\CWebApplication.php:286
Stack trace:
#0 D:\wamp\www\yii\framework\web\CWebApplication.php(141): CWebApplication->runController('themes/m5/image...')
#1 D:\wamp\www\yii\framework\base\CApplication.php(180): CWebApplication->processRequest()
#2 D:\wamp\www\m_myzd\index.php(13): CApplication->run()
#3 {main}
REQUEST_URI=/themes/m5/images/headImg.png
HTTP_REFERER=http://m.bendi.com/mobile/user/view
---
2016/03/14 08:19:08 [error] [exception.CHttpException.404] exception 'CHttpException' with message '无法解析请求 "themes/m5/images/waitEvaluate.png"。' in D:\wamp\www\yii\framework\web\CWebApplication.php:286
Stack trace:
#0 D:\wamp\www\yii\framework\web\CWebApplication.php(141): CWebApplication->runController('themes/m5/image...')
#1 D:\wamp\www\yii\framework\base\CApplication.php(180): CWebApplication->processRequest()
#2 D:\wamp\www\m_myzd\index.php(13): CApplication->run()
#3 {main}
REQUEST_URI=/themes/m5/images/waitEvaluate.png
HTTP_REFERER=http://m.bendi.com/mobile/user/view
---
2016/03/14 08:19:08 [error] [exception.CHttpException.404] exception 'CHttpException' with message '无法解析请求 "themes/m5/images/waitConfirm.png"。' in D:\wamp\www\yii\framework\web\CWebApplication.php:286
Stack trace:
#0 D:\wamp\www\yii\framework\web\CWebApplication.php(141): CWebApplication->runController('themes/m5/image...')
#1 D:\wamp\www\yii\framework\base\CApplication.php(180): CWebApplication->processRequest()
#2 D:\wamp\www\m_myzd\index.php(13): CApplication->run()
#3 {main}
REQUEST_URI=/themes/m5/images/waitConfirm.png
HTTP_REFERER=http://m.bendi.com/mobile/user/view
---
2016/03/14 08:19:08 [error] [exception.CHttpException.404] exception 'CHttpException' with message '无法解析请求 "themes/m5/images/waitPay.png"。' in D:\wamp\www\yii\framework\web\CWebApplication.php:286
Stack trace:
#0 D:\wamp\www\yii\framework\web\CWebApplication.php(141): CWebApplication->runController('themes/m5/image...')
#1 D:\wamp\www\yii\framework\base\CApplication.php(180): CWebApplication->processRequest()
#2 D:\wamp\www\m_myzd\index.php(13): CApplication->run()
#3 {main}
REQUEST_URI=/themes/m5/images/waitPay.png
HTTP_REFERER=http://m.bendi.com/mobile/user/view
---
2016/03/14 08:19:08 [error] [exception.CHttpException.404] exception 'CHttpException' with message '无法解析请求 "themes/m5/images/arrangementIn.png"。' in D:\wamp\www\yii\framework\web\CWebApplication.php:286
Stack trace:
#0 D:\wamp\www\yii\framework\web\CWebApplication.php(141): CWebApplication->runController('themes/m5/image...')
#1 D:\wamp\www\yii\framework\base\CApplication.php(180): CWebApplication->processRequest()
#2 D:\wamp\www\m_myzd\index.php(13): CApplication->run()
#3 {main}
REQUEST_URI=/themes/m5/images/arrangementIn.png
HTTP_REFERER=http://m.bendi.com/mobile/user/view
---
2016/03/14 08:19:08 [error] [exception.CHttpException.404] exception 'CHttpException' with message '无法解析请求 "themes/m5/images/commonProblem.png"。' in D:\wamp\www\yii\framework\web\CWebApplication.php:286
Stack trace:
#0 D:\wamp\www\yii\framework\web\CWebApplication.php(141): CWebApplication->runController('themes/m5/image...')
#1 D:\wamp\www\yii\framework\base\CApplication.php(180): CWebApplication->processRequest()
#2 D:\wamp\www\m_myzd\index.php(13): CApplication->run()
#3 {main}
REQUEST_URI=/themes/m5/images/commonProblem.png
HTTP_REFERER=http://m.bendi.com/mobile/user/view
---
2016/03/14 08:19:08 [error] [exception.CHttpException.404] exception 'CHttpException' with message '无法解析请求 "themes/m5/images/nextGray.png"。' in D:\wamp\www\yii\framework\web\CWebApplication.php:286
Stack trace:
#0 D:\wamp\www\yii\framework\web\CWebApplication.php(141): CWebApplication->runController('themes/m5/image...')
#1 D:\wamp\www\yii\framework\base\CApplication.php(180): CWebApplication->processRequest()
#2 D:\wamp\www\m_myzd\index.php(13): CApplication->run()
#3 {main}
REQUEST_URI=/themes/m5/images/nextGray.png
HTTP_REFERER=http://m.bendi.com/mobile/user/view
---
2016/03/14 08:19:08 [error] [exception.CHttpException.404] exception 'CHttpException' with message '无法解析请求 "themes/m5/images/bookingOrder.png"。' in D:\wamp\www\yii\framework\web\CWebApplication.php:286
Stack trace:
#0 D:\wamp\www\yii\framework\web\CWebApplication.php(141): CWebApplication->runController('themes/m5/image...')
#1 D:\wamp\www\yii\framework\base\CApplication.php(180): CWebApplication->processRequest()
#2 D:\wamp\www\m_myzd\index.php(13): CApplication->run()
#3 {main}
REQUEST_URI=/themes/m5/images/bookingOrder.png
HTTP_REFERER=http://m.bendi.com/mobile/user/view
---
2016/03/14 08:19:08 [error] [exception.CHttpException.404] exception 'CHttpException' with message '无法解析请求 "themes/m5/images/aboutUs.png"。' in D:\wamp\www\yii\framework\web\CWebApplication.php:286
Stack trace:
#0 D:\wamp\www\yii\framework\web\CWebApplication.php(141): CWebApplication->runController('themes/m5/image...')
#1 D:\wamp\www\yii\framework\base\CApplication.php(180): CWebApplication->processRequest()
#2 D:\wamp\www\m_myzd\index.php(13): CApplication->run()
#3 {main}
REQUEST_URI=/themes/m5/images/aboutUs.png
HTTP_REFERER=http://m.bendi.com/mobile/user/view
---
2016/03/14 08:19:08 [error] [exception.CHttpException.404] exception 'CHttpException' with message '无法解析请求 "themes/m5/images/contactService.png"。' in D:\wamp\www\yii\framework\web\CWebApplication.php:286
Stack trace:
#0 D:\wamp\www\yii\framework\web\CWebApplication.php(141): CWebApplication->runController('themes/m5/image...')
#1 D:\wamp\www\yii\framework\base\CApplication.php(180): CWebApplication->processRequest()
#2 D:\wamp\www\m_myzd\index.php(13): CApplication->run()
#3 {main}
REQUEST_URI=/themes/m5/images/contactService.png
HTTP_REFERER=http://m.bendi.com/mobile/user/view
---
2016/03/14 08:19:08 [error] [exception.CHttpException.404] exception 'CHttpException' with message '无法解析请求 "themes/m5/images/nextBlack.png"。' in D:\wamp\www\yii\framework\web\CWebApplication.php:286
Stack trace:
#0 D:\wamp\www\yii\framework\web\CWebApplication.php(141): CWebApplication->runController('themes/m5/image...')
#1 D:\wamp\www\yii\framework\base\CApplication.php(180): CWebApplication->processRequest()
#2 D:\wamp\www\m_myzd\index.php(13): CApplication->run()
#3 {main}
REQUEST_URI=/themes/m5/images/nextBlack.png
HTTP_REFERER=http://m.bendi.com/mobile/user/view
---
2016/03/14 08:19:08 [error] [exception.CHttpException.404] exception 'CHttpException' with message '无法解析请求 "themes/m5/images/service.png"。' in D:\wamp\www\yii\framework\web\CWebApplication.php:286
Stack trace:
#0 D:\wamp\www\yii\framework\web\CWebApplication.php(141): CWebApplication->runController('themes/m5/image...')
#1 D:\wamp\www\yii\framework\base\CApplication.php(180): CWebApplication->processRequest()
#2 D:\wamp\www\m_myzd\index.php(13): CApplication->run()
#3 {main}
REQUEST_URI=/themes/m5/images/service.png
HTTP_REFERER=http://m.bendi.com/mobile/user/view
---
2016/03/14 08:19:08 [error] [exception.CHttpException.404] exception 'CHttpException' with message '无法解析请求 "themes/m5/images/exitLogin.png"。' in D:\wamp\www\yii\framework\web\CWebApplication.php:286
Stack trace:
#0 D:\wamp\www\yii\framework\web\CWebApplication.php(141): CWebApplication->runController('themes/m5/image...')
#1 D:\wamp\www\yii\framework\base\CApplication.php(180): CWebApplication->processRequest()
#2 D:\wamp\www\m_myzd\index.php(13): CApplication->run()
#3 {main}
REQUEST_URI=/themes/m5/images/exitLogin.png
HTTP_REFERER=http://m.bendi.com/mobile/user/view
---
2016/03/14 08:20:27 [error] [exception.CHttpException.404] exception 'CHttpException' with message '无法解析请求 "themes/m5/images/waitConfirm.png"。' in D:\wamp\www\yii\framework\web\CWebApplication.php:286
Stack trace:
#0 D:\wamp\www\yii\framework\web\CWebApplication.php(141): CWebApplication->runController('themes/m5/image...')
#1 D:\wamp\www\yii\framework\base\CApplication.php(180): CWebApplication->processRequest()
#2 D:\wamp\www\m_myzd\index.php(13): CApplication->run()
#3 {main}
REQUEST_URI=/themes/m5/images/waitConfirm.png
HTTP_REFERER=http://m.bendi.com/mobile/user/view
---
2016/03/14 08:20:27 [error] [exception.CHttpException.404] exception 'CHttpException' with message '无法解析请求 "themes/m5/images/waitPay.png"。' in D:\wamp\www\yii\framework\web\CWebApplication.php:286
Stack trace:
#0 D:\wamp\www\yii\framework\web\CWebApplication.php(141): CWebApplication->runController('themes/m5/image...')
#1 D:\wamp\www\yii\framework\base\CApplication.php(180): CWebApplication->processRequest()
#2 D:\wamp\www\m_myzd\index.php(13): CApplication->run()
#3 {main}
REQUEST_URI=/themes/m5/images/waitPay.png
HTTP_REFERER=http://m.bendi.com/mobile/user/view
---
2016/03/14 08:20:27 [error] [exception.CHttpException.404] exception 'CHttpException' with message '无法解析请求 "themes/m5/images/waitEvaluate.png"。' in D:\wamp\www\yii\framework\web\CWebApplication.php:286
Stack trace:
#0 D:\wamp\www\yii\framework\web\CWebApplication.php(141): CWebApplication->runController('themes/m5/image...')
#1 D:\wamp\www\yii\framework\base\CApplication.php(180): CWebApplication->processRequest()
#2 D:\wamp\www\m_myzd\index.php(13): CApplication->run()
#3 {main}
REQUEST_URI=/themes/m5/images/waitEvaluate.png
HTTP_REFERER=http://m.bendi.com/mobile/user/view
---
2016/03/14 08:20:27 [error] [exception.CHttpException.404] exception 'CHttpException' with message '无法解析请求 "themes/m5/images/headImg.png"。' in D:\wamp\www\yii\framework\web\CWebApplication.php:286
Stack trace:
#0 D:\wamp\www\yii\framework\web\CWebApplication.php(141): CWebApplication->runController('themes/m5/image...')
#1 D:\wamp\www\yii\framework\base\CApplication.php(180): CWebApplication->processRequest()
#2 D:\wamp\www\m_myzd\index.php(13): CApplication->run()
#3 {main}
REQUEST_URI=/themes/m5/images/headImg.png
HTTP_REFERER=http://m.bendi.com/mobile/user/view
---
2016/03/14 08:20:27 [error] [exception.CHttpException.404] exception 'CHttpException' with message '无法解析请求 "themes/m5/images/arrangementIn.png"。' in D:\wamp\www\yii\framework\web\CWebApplication.php:286
Stack trace:
#0 D:\wamp\www\yii\framework\web\CWebApplication.php(141): CWebApplication->runController('themes/m5/image...')
#1 D:\wamp\www\yii\framework\base\CApplication.php(180): CWebApplication->processRequest()
#2 D:\wamp\www\m_myzd\index.php(13): CApplication->run()
#3 {main}
REQUEST_URI=/themes/m5/images/arrangementIn.png
HTTP_REFERER=http://m.bendi.com/mobile/user/view
---
2016/03/14 08:20:27 [error] [exception.CHttpException.404] exception 'CHttpException' with message '无法解析请求 "themes/m5/images/commonProblem.png"。' in D:\wamp\www\yii\framework\web\CWebApplication.php:286
Stack trace:
#0 D:\wamp\www\yii\framework\web\CWebApplication.php(141): CWebApplication->runController('themes/m5/image...')
#1 D:\wamp\www\yii\framework\base\CApplication.php(180): CWebApplication->processRequest()
#2 D:\wamp\www\m_myzd\index.php(13): CApplication->run()
#3 {main}
REQUEST_URI=/themes/m5/images/commonProblem.png
HTTP_REFERER=http://m.bendi.com/mobile/user/view
---
2016/03/14 08:20:27 [error] [exception.CHttpException.404] exception 'CHttpException' with message '无法解析请求 "themes/m5/images/nextGray.png"。' in D:\wamp\www\yii\framework\web\CWebApplication.php:286
Stack trace:
#0 D:\wamp\www\yii\framework\web\CWebApplication.php(141): CWebApplication->runController('themes/m5/image...')
#1 D:\wamp\www\yii\framework\base\CApplication.php(180): CWebApplication->processRequest()
#2 D:\wamp\www\m_myzd\index.php(13): CApplication->run()
#3 {main}
REQUEST_URI=/themes/m5/images/nextGray.png
HTTP_REFERER=http://m.bendi.com/mobile/user/view
---
2016/03/14 08:20:27 [error] [exception.CHttpException.404] exception 'CHttpException' with message '无法解析请求 "themes/m5/images/bookingOrder.png"。' in D:\wamp\www\yii\framework\web\CWebApplication.php:286
Stack trace:
#0 D:\wamp\www\yii\framework\web\CWebApplication.php(141): CWebApplication->runController('themes/m5/image...')
#1 D:\wamp\www\yii\framework\base\CApplication.php(180): CWebApplication->processRequest()
#2 D:\wamp\www\m_myzd\index.php(13): CApplication->run()
#3 {main}
REQUEST_URI=/themes/m5/images/bookingOrder.png
HTTP_REFERER=http://m.bendi.com/mobile/user/view
---
2016/03/14 08:20:27 [error] [exception.CHttpException.404] exception 'CHttpException' with message '无法解析请求 "themes/m5/images/aboutUs.png"。' in D:\wamp\www\yii\framework\web\CWebApplication.php:286
Stack trace:
#0 D:\wamp\www\yii\framework\web\CWebApplication.php(141): CWebApplication->runController('themes/m5/image...')
#1 D:\wamp\www\yii\framework\base\CApplication.php(180): CWebApplication->processRequest()
#2 D:\wamp\www\m_myzd\index.php(13): CApplication->run()
#3 {main}
REQUEST_URI=/themes/m5/images/aboutUs.png
HTTP_REFERER=http://m.bendi.com/mobile/user/view
---
2016/03/14 08:20:27 [error] [exception.CHttpException.404] exception 'CHttpException' with message '无法解析请求 "themes/m5/images/service.png"。' in D:\wamp\www\yii\framework\web\CWebApplication.php:286
Stack trace:
#0 D:\wamp\www\yii\framework\web\CWebApplication.php(141): CWebApplication->runController('themes/m5/image...')
#1 D:\wamp\www\yii\framework\base\CApplication.php(180): CWebApplication->processRequest()
#2 D:\wamp\www\m_myzd\index.php(13): CApplication->run()
#3 {main}
REQUEST_URI=/themes/m5/images/service.png
HTTP_REFERER=http://m.bendi.com/mobile/user/view
---
2016/03/14 08:20:27 [error] [exception.CHttpException.404] exception 'CHttpException' with message '无法解析请求 "themes/m5/images/nextBlack.png"。' in D:\wamp\www\yii\framework\web\CWebApplication.php:286
Stack trace:
#0 D:\wamp\www\yii\framework\web\CWebApplication.php(141): CWebApplication->runController('themes/m5/image...')
#1 D:\wamp\www\yii\framework\base\CApplication.php(180): CWebApplication->processRequest()
#2 D:\wamp\www\m_myzd\index.php(13): CApplication->run()
#3 {main}
REQUEST_URI=/themes/m5/images/nextBlack.png
HTTP_REFERER=http://m.bendi.com/mobile/user/view
---
2016/03/14 08:20:27 [error] [exception.CHttpException.404] exception 'CHttpException' with message '无法解析请求 "themes/m5/images/contactService.png"。' in D:\wamp\www\yii\framework\web\CWebApplication.php:286
Stack trace:
#0 D:\wamp\www\yii\framework\web\CWebApplication.php(141): CWebApplication->runController('themes/m5/image...')
#1 D:\wamp\www\yii\framework\base\CApplication.php(180): CWebApplication->processRequest()
#2 D:\wamp\www\m_myzd\index.php(13): CApplication->run()
#3 {main}
REQUEST_URI=/themes/m5/images/contactService.png
HTTP_REFERER=http://m.bendi.com/mobile/user/view
---
2016/03/14 08:20:28 [error] [exception.CHttpException.404] exception 'CHttpException' with message '无法解析请求 "themes/m5/images/exitLogin.png"。' in D:\wamp\www\yii\framework\web\CWebApplication.php:286
Stack trace:
#0 D:\wamp\www\yii\framework\web\CWebApplication.php(141): CWebApplication->runController('themes/m5/image...')
#1 D:\wamp\www\yii\framework\base\CApplication.php(180): CWebApplication->processRequest()
#2 D:\wamp\www\m_myzd\index.php(13): CApplication->run()
#3 {main}
REQUEST_URI=/themes/m5/images/exitLogin.png
HTTP_REFERER=http://m.bendi.com/mobile/user/view
---
2016/03/14 08:20:48 [error] [exception.CHttpException.404] exception 'CHttpException' with message '无法解析请求 "themes/m5/images/waitEvaluate.png"。' in D:\wamp\www\yii\framework\web\CWebApplication.php:286
Stack trace:
#0 D:\wamp\www\yii\framework\web\CWebApplication.php(141): CWebApplication->runController('themes/m5/image...')
#1 D:\wamp\www\yii\framework\base\CApplication.php(180): CWebApplication->processRequest()
#2 D:\wamp\www\m_myzd\index.php(13): CApplication->run()
#3 {main}
REQUEST_URI=/themes/m5/images/waitEvaluate.png
HTTP_REFERER=http://m.bendi.com/mobile/user/view
---
2016/03/14 08:20:48 [error] [exception.CHttpException.404] exception 'CHttpException' with message '无法解析请求 "themes/m5/images/waitConfirm.png"。' in D:\wamp\www\yii\framework\web\CWebApplication.php:286
Stack trace:
#0 D:\wamp\www\yii\framework\web\CWebApplication.php(141): CWebApplication->runController('themes/m5/image...')
#1 D:\wamp\www\yii\framework\base\CApplication.php(180): CWebApplication->processRequest()
#2 D:\wamp\www\m_myzd\index.php(13): CApplication->run()
#3 {main}
REQUEST_URI=/themes/m5/images/waitConfirm.png
HTTP_REFERER=http://m.bendi.com/mobile/user/view
---
2016/03/14 08:20:48 [error] [exception.CHttpException.404] exception 'CHttpException' with message '无法解析请求 "themes/m5/images/waitPay.png"。' in D:\wamp\www\yii\framework\web\CWebApplication.php:286
Stack trace:
#0 D:\wamp\www\yii\framework\web\CWebApplication.php(141): CWebApplication->runController('themes/m5/image...')
#1 D:\wamp\www\yii\framework\base\CApplication.php(180): CWebApplication->processRequest()
#2 D:\wamp\www\m_myzd\index.php(13): CApplication->run()
#3 {main}
REQUEST_URI=/themes/m5/images/waitPay.png
HTTP_REFERER=http://m.bendi.com/mobile/user/view
---
2016/03/14 08:20:48 [error] [exception.CHttpException.404] exception 'CHttpException' with message '无法解析请求 "themes/m5/images/arrangementIn.png"。' in D:\wamp\www\yii\framework\web\CWebApplication.php:286
Stack trace:
#0 D:\wamp\www\yii\framework\web\CWebApplication.php(141): CWebApplication->runController('themes/m5/image...')
#1 D:\wamp\www\yii\framework\base\CApplication.php(180): CWebApplication->processRequest()
#2 D:\wamp\www\m_myzd\index.php(13): CApplication->run()
#3 {main}
REQUEST_URI=/themes/m5/images/arrangementIn.png
HTTP_REFERER=http://m.bendi.com/mobile/user/view
---
2016/03/14 08:20:48 [error] [exception.CHttpException.404] exception 'CHttpException' with message '无法解析请求 "themes/m5/images/headImg.png"。' in D:\wamp\www\yii\framework\web\CWebApplication.php:286
Stack trace:
#0 D:\wamp\www\yii\framework\web\CWebApplication.php(141): CWebApplication->runController('themes/m5/image...')
#1 D:\wamp\www\yii\framework\base\CApplication.php(180): CWebApplication->processRequest()
#2 D:\wamp\www\m_myzd\index.php(13): CApplication->run()
#3 {main}
REQUEST_URI=/themes/m5/images/headImg.png
HTTP_REFERER=http://m.bendi.com/mobile/user/view
---
2016/03/14 08:20:48 [error] [exception.CHttpException.404] exception 'CHttpException' with message '无法解析请求 "themes/m5/images/nextGray.png"。' in D:\wamp\www\yii\framework\web\CWebApplication.php:286
Stack trace:
#0 D:\wamp\www\yii\framework\web\CWebApplication.php(141): CWebApplication->runController('themes/m5/image...')
#1 D:\wamp\www\yii\framework\base\CApplication.php(180): CWebApplication->processRequest()
#2 D:\wamp\www\m_myzd\index.php(13): CApplication->run()
#3 {main}
REQUEST_URI=/themes/m5/images/nextGray.png
HTTP_REFERER=http://m.bendi.com/mobile/user/view
---
2016/03/14 08:20:48 [error] [exception.CHttpException.404] exception 'CHttpException' with message '无法解析请求 "themes/m5/images/bookingOrder.png"。' in D:\wamp\www\yii\framework\web\CWebApplication.php:286
Stack trace:
#0 D:\wamp\www\yii\framework\web\CWebApplication.php(141): CWebApplication->runController('themes/m5/image...')
#1 D:\wamp\www\yii\framework\base\CApplication.php(180): CWebApplication->processRequest()
#2 D:\wamp\www\m_myzd\index.php(13): CApplication->run()
#3 {main}
REQUEST_URI=/themes/m5/images/bookingOrder.png
HTTP_REFERER=http://m.bendi.com/mobile/user/view
---
2016/03/14 08:20:48 [error] [exception.CHttpException.404] exception 'CHttpException' with message '无法解析请求 "themes/m5/images/nextBlack.png"。' in D:\wamp\www\yii\framework\web\CWebApplication.php:286
Stack trace:
#0 D:\wamp\www\yii\framework\web\CWebApplication.php(141): CWebApplication->runController('themes/m5/image...')
#1 D:\wamp\www\yii\framework\base\CApplication.php(180): CWebApplication->processRequest()
#2 D:\wamp\www\m_myzd\index.php(13): CApplication->run()
#3 {main}
REQUEST_URI=/themes/m5/images/nextBlack.png
HTTP_REFERER=http://m.bendi.com/mobile/user/view
---
2016/03/14 08:20:48 [error] [exception.CHttpException.404] exception 'CHttpException' with message '无法解析请求 "themes/m5/images/aboutUs.png"。' in D:\wamp\www\yii\framework\web\CWebApplication.php:286
Stack trace:
#0 D:\wamp\www\yii\framework\web\CWebApplication.php(141): CWebApplication->runController('themes/m5/image...')
#1 D:\wamp\www\yii\framework\base\CApplication.php(180): CWebApplication->processRequest()
#2 D:\wamp\www\m_myzd\index.php(13): CApplication->run()
#3 {main}
REQUEST_URI=/themes/m5/images/aboutUs.png
HTTP_REFERER=http://m.bendi.com/mobile/user/view
---
2016/03/14 08:20:48 [error] [exception.CHttpException.404] exception 'CHttpException' with message '无法解析请求 "themes/m5/images/service.png"。' in D:\wamp\www\yii\framework\web\CWebApplication.php:286
Stack trace:
#0 D:\wamp\www\yii\framework\web\CWebApplication.php(141): CWebApplication->runController('themes/m5/image...')
#1 D:\wamp\www\yii\framework\base\CApplication.php(180): CWebApplication->processRequest()
#2 D:\wamp\www\m_myzd\index.php(13): CApplication->run()
#3 {main}
REQUEST_URI=/themes/m5/images/service.png
HTTP_REFERER=http://m.bendi.com/mobile/user/view
---
2016/03/14 08:20:48 [error] [exception.CHttpException.404] exception 'CHttpException' with message '无法解析请求 "themes/m5/images/commonProblem.png"。' in D:\wamp\www\yii\framework\web\CWebApplication.php:286
Stack trace:
#0 D:\wamp\www\yii\framework\web\CWebApplication.php(141): CWebApplication->runController('themes/m5/image...')
#1 D:\wamp\www\yii\framework\base\CApplication.php(180): CWebApplication->processRequest()
#2 D:\wamp\www\m_myzd\index.php(13): CApplication->run()
#3 {main}
REQUEST_URI=/themes/m5/images/commonProblem.png
HTTP_REFERER=http://m.bendi.com/mobile/user/view
---
2016/03/14 08:20:48 [error] [exception.CHttpException.404] exception 'CHttpException' with message '无法解析请求 "themes/m5/images/contactService.png"。' in D:\wamp\www\yii\framework\web\CWebApplication.php:286
Stack trace:
#0 D:\wamp\www\yii\framework\web\CWebApplication.php(141): CWebApplication->runController('themes/m5/image...')
#1 D:\wamp\www\yii\framework\base\CApplication.php(180): CWebApplication->processRequest()
#2 D:\wamp\www\m_myzd\index.php(13): CApplication->run()
#3 {main}
REQUEST_URI=/themes/m5/images/contactService.png
HTTP_REFERER=http://m.bendi.com/mobile/user/view
---
2016/03/14 08:20:48 [error] [exception.CHttpException.404] exception 'CHttpException' with message '无法解析请求 "themes/m5/images/exitLogin.png"。' in D:\wamp\www\yii\framework\web\CWebApplication.php:286
Stack trace:
#0 D:\wamp\www\yii\framework\web\CWebApplication.php(141): CWebApplication->runController('themes/m5/image...')
#1 D:\wamp\www\yii\framework\base\CApplication.php(180): CWebApplication->processRequest()
#2 D:\wamp\www\m_myzd\index.php(13): CApplication->run()
#3 {main}
REQUEST_URI=/themes/m5/images/exitLogin.png
HTTP_REFERER=http://m.bendi.com/mobile/user/view
---
2016/03/14 08:21:34 [error] [exception.CHttpException.404] exception 'CHttpException' with message '无法解析请求 "themes/m5/images/headImg.png"。' in D:\wamp\www\yii\framework\web\CWebApplication.php:286
Stack trace:
#0 D:\wamp\www\yii\framework\web\CWebApplication.php(141): CWebApplication->runController('themes/m5/image...')
#1 D:\wamp\www\yii\framework\base\CApplication.php(180): CWebApplication->processRequest()
#2 D:\wamp\www\m_myzd\index.php(13): CApplication->run()
#3 {main}
REQUEST_URI=/themes/m5/images/headImg.png
HTTP_REFERER=http://m.bendi.com/mobile/user/view
---
2016/03/14 08:21:34 [error] [exception.CHttpException.404] exception 'CHttpException' with message '无法解析请求 "themes/m5/images/waitEvaluate.png"。' in D:\wamp\www\yii\framework\web\CWebApplication.php:286
Stack trace:
#0 D:\wamp\www\yii\framework\web\CWebApplication.php(141): CWebApplication->runController('themes/m5/image...')
#1 D:\wamp\www\yii\framework\base\CApplication.php(180): CWebApplication->processRequest()
#2 D:\wamp\www\m_myzd\index.php(13): CApplication->run()
#3 {main}
REQUEST_URI=/themes/m5/images/waitEvaluate.png
HTTP_REFERER=http://m.bendi.com/mobile/user/view
---
2016/03/14 08:21:34 [error] [exception.CHttpException.404] exception 'CHttpException' with message '无法解析请求 "themes/m5/images/waitConfirm.png"。' in D:\wamp\www\yii\framework\web\CWebApplication.php:286
Stack trace:
#0 D:\wamp\www\yii\framework\web\CWebApplication.php(141): CWebApplication->runController('themes/m5/image...')
#1 D:\wamp\www\yii\framework\base\CApplication.php(180): CWebApplication->processRequest()
#2 D:\wamp\www\m_myzd\index.php(13): CApplication->run()
#3 {main}
REQUEST_URI=/themes/m5/images/waitConfirm.png
HTTP_REFERER=http://m.bendi.com/mobile/user/view
---
2016/03/14 08:21:34 [error] [exception.CHttpException.404] exception 'CHttpException' with message '无法解析请求 "themes/m5/images/arrangementIn.png"。' in D:\wamp\www\yii\framework\web\CWebApplication.php:286
Stack trace:
#0 D:\wamp\www\yii\framework\web\CWebApplication.php(141): CWebApplication->runController('themes/m5/image...')
#1 D:\wamp\www\yii\framework\base\CApplication.php(180): CWebApplication->processRequest()
#2 D:\wamp\www\m_myzd\index.php(13): CApplication->run()
#3 {main}
REQUEST_URI=/themes/m5/images/arrangementIn.png
HTTP_REFERER=http://m.bendi.com/mobile/user/view
---
2016/03/14 08:21:34 [error] [exception.CHttpException.404] exception 'CHttpException' with message '无法解析请求 "themes/m5/images/waitPay.png"。' in D:\wamp\www\yii\framework\web\CWebApplication.php:286
Stack trace:
#0 D:\wamp\www\yii\framework\web\CWebApplication.php(141): CWebApplication->runController('themes/m5/image...')
#1 D:\wamp\www\yii\framework\base\CApplication.php(180): CWebApplication->processRequest()
#2 D:\wamp\www\m_myzd\index.php(13): CApplication->run()
#3 {main}
REQUEST_URI=/themes/m5/images/waitPay.png
HTTP_REFERER=http://m.bendi.com/mobile/user/view
---
2016/03/14 08:21:34 [error] [exception.CHttpException.404] exception 'CHttpException' with message '无法解析请求 "themes/m5/images/nextGray.png"。' in D:\wamp\www\yii\framework\web\CWebApplication.php:286
Stack trace:
#0 D:\wamp\www\yii\framework\web\CWebApplication.php(141): CWebApplication->runController('themes/m5/image...')
#1 D:\wamp\www\yii\framework\base\CApplication.php(180): CWebApplication->processRequest()
#2 D:\wamp\www\m_myzd\index.php(13): CApplication->run()
#3 {main}
REQUEST_URI=/themes/m5/images/nextGray.png
HTTP_REFERER=http://m.bendi.com/mobile/user/view
---
2016/03/14 08:21:34 [error] [exception.CHttpException.404] exception 'CHttpException' with message '无法解析请求 "themes/m5/images/commonProblem.png"。' in D:\wamp\www\yii\framework\web\CWebApplication.php:286
Stack trace:
#0 D:\wamp\www\yii\framework\web\CWebApplication.php(141): CWebApplication->runController('themes/m5/image...')
#1 D:\wamp\www\yii\framework\base\CApplication.php(180): CWebApplication->processRequest()
#2 D:\wamp\www\m_myzd\index.php(13): CApplication->run()
#3 {main}
REQUEST_URI=/themes/m5/images/commonProblem.png
HTTP_REFERER=http://m.bendi.com/mobile/user/view
---
2016/03/14 08:21:34 [error] [exception.CHttpException.404] exception 'CHttpException' with message '无法解析请求 "themes/m5/images/service.png"。' in D:\wamp\www\yii\framework\web\CWebApplication.php:286
Stack trace:
#0 D:\wamp\www\yii\framework\web\CWebApplication.php(141): CWebApplication->runController('themes/m5/image...')
#1 D:\wamp\www\yii\framework\base\CApplication.php(180): CWebApplication->processRequest()
#2 D:\wamp\www\m_myzd\index.php(13): CApplication->run()
#3 {main}
REQUEST_URI=/themes/m5/images/service.png
HTTP_REFERER=http://m.bendi.com/mobile/user/view
---
2016/03/14 08:21:34 [error] [exception.CHttpException.404] exception 'CHttpException' with message '无法解析请求 "themes/m5/images/aboutUs.png"。' in D:\wamp\www\yii\framework\web\CWebApplication.php:286
Stack trace:
#0 D:\wamp\www\yii\framework\web\CWebApplication.php(141): CWebApplication->runController('themes/m5/image...')
#1 D:\wamp\www\yii\framework\base\CApplication.php(180): CWebApplication->processRequest()
#2 D:\wamp\www\m_myzd\index.php(13): CApplication->run()
#3 {main}
REQUEST_URI=/themes/m5/images/aboutUs.png
HTTP_REFERER=http://m.bendi.com/mobile/user/view
---
2016/03/14 08:21:34 [error] [exception.CHttpException.404] exception 'CHttpException' with message '无法解析请求 "themes/m5/images/bookingOrder.png"。' in D:\wamp\www\yii\framework\web\CWebApplication.php:286
Stack trace:
#0 D:\wamp\www\yii\framework\web\CWebApplication.php(141): CWebApplication->runController('themes/m5/image...')
#1 D:\wamp\www\yii\framework\base\CApplication.php(180): CWebApplication->processRequest()
#2 D:\wamp\www\m_myzd\index.php(13): CApplication->run()
#3 {main}
REQUEST_URI=/themes/m5/images/bookingOrder.png
HTTP_REFERER=http://m.bendi.com/mobile/user/view
---
2016/03/14 08:21:34 [error] [exception.CHttpException.404] exception 'CHttpException' with message '无法解析请求 "themes/m5/images/nextBlack.png"。' in D:\wamp\www\yii\framework\web\CWebApplication.php:286
Stack trace:
#0 D:\wamp\www\yii\framework\web\CWebApplication.php(141): CWebApplication->runController('themes/m5/image...')
#1 D:\wamp\www\yii\framework\base\CApplication.php(180): CWebApplication->processRequest()
#2 D:\wamp\www\m_myzd\index.php(13): CApplication->run()
#3 {main}
REQUEST_URI=/themes/m5/images/nextBlack.png
HTTP_REFERER=http://m.bendi.com/mobile/user/view
---
2016/03/14 08:21:34 [error] [exception.CHttpException.404] exception 'CHttpException' with message '无法解析请求 "themes/m5/images/contactService.png"。' in D:\wamp\www\yii\framework\web\CWebApplication.php:286
Stack trace:
#0 D:\wamp\www\yii\framework\web\CWebApplication.php(141): CWebApplication->runController('themes/m5/image...')
#1 D:\wamp\www\yii\framework\base\CApplication.php(180): CWebApplication->processRequest()
#2 D:\wamp\www\m_myzd\index.php(13): CApplication->run()
#3 {main}
REQUEST_URI=/themes/m5/images/contactService.png
HTTP_REFERER=http://m.bendi.com/mobile/user/view
---
2016/03/14 08:21:34 [error] [exception.CHttpException.404] exception 'CHttpException' with message '无法解析请求 "themes/m5/images/exitLogin.png"。' in D:\wamp\www\yii\framework\web\CWebApplication.php:286
Stack trace:
#0 D:\wamp\www\yii\framework\web\CWebApplication.php(141): CWebApplication->runController('themes/m5/image...')
#1 D:\wamp\www\yii\framework\base\CApplication.php(180): CWebApplication->processRequest()
#2 D:\wamp\www\m_myzd\index.php(13): CApplication->run()
#3 {main}
REQUEST_URI=/themes/m5/images/exitLogin.png
HTTP_REFERER=http://m.bendi.com/mobile/user/view
---
